<?xml version="1.0" encoding="UTF-8"?>
<testsuites>
    <testsuite name="[Redshift] Table.default_ordering" timestamp="2026-02-17T22:47:56" tests="5" disabled="0" errors="0" time="7.806">
        <testcase name="will return Nothing if no primary key is defined" time="6.626">        </testcase>
        <testcase name="will return the key for a table with a primary key" time="0.979">        </testcase>
        <testcase name="will return Nothing for composite tables (join)" time="0.095">        </testcase>
        <testcase name="will return Nothing for composite tables (aggregate)" time="0.068">        </testcase>
        <testcase name="will return the ordering determined by sort" time="0.035">        </testcase>
    </testsuite>
    <testsuite name="[Redshift] Support for Long Column/Table names" timestamp="2026-02-17T22:48:57" tests="14" disabled="0" errors="0" time="60.234">
        <testcase name="should not allow to create a table with a name that is too long" time="0.044">        </testcase>
        <testcase name="should ensure length is measured in small units, even if grapheme length is lower" time="1.816">        </testcase>
        <testcase name="should not mangle a too long name when accessing tables, returning a different table" time="2.211">        </testcase>
        <testcase name="should be fine joining tables with long names" time="13.959">        </testcase>
        <testcase name="should be fine operating on columns with long names" time="3.308">        </testcase>
        <testcase name="should raise an error when renaming a column to a name that is too long" time="3.082">        </testcase>
        <testcase name="should prevent upload if column names are too long" time="2.548">        </testcase>
        <testcase name="should ensure length is measured in code units, even if grapheme length is lower" time="2.166">        </testcase>
        <testcase name="should truncate the column name if the resulting operation-generated name is too long, without warnings" time="3.118">        </testcase>
        <testcase name="raise an error if name provided by the user in aggregate is too long" time="1.732">        </testcase>
        <testcase name="should truncate and deduplicate autogenerated names in aggregate, and issue a warning" time="15.56">        </testcase>
        <testcase name="should truncate and deduplicate the names in join/cross_join, and issue a warning" time="3.66">        </testcase>
        <testcase name="should truncate new column names in other operations" time="5.276">        </testcase>
        <testcase name="should fail other operations that create new columns if the column names are too long" time="1.745">        </testcase>
    </testsuite>
    <testsuite name="[Redshift] single-column DB_Table" timestamp="2026-02-17T22:49:03" tests="5" disabled="0" errors="0" time="6.113">
        <testcase name="should be a DB_Table but also a DB_Column" time="2.111">        </testcase>
        <testcase name="will not be a DB_Column if it has more than one column" time="1.76">        </testcase>
        <testcase name="should allow passing the casted column to methods expecting column (with inserted cast)" time="0.702">        </testcase>
        <testcase name="should also work for DB_Tables returned from various operations" time="0.02">        </testcase>
        <testcase name="in database, does not act as a single value" time="1.518">        </testcase>
    </testsuite>
    <testsuite name="[Redshift] Basic Table Access" timestamp="2026-02-17T22:49:48" tests="7" disabled="0" errors="0" time="43.974">
        <testcase name="should allow to materialize tables and columns into local memory" time="40.001">        </testcase>
        <testcase name="should allow to materialize columns directly into a Vector" time="0.337">        </testcase>
        <testcase name="should allow getting specific elements" time="1.384">        </testcase>
        <testcase name="should allow getting specific elements (with at)" time="1.722">        </testcase>
        <testcase name="should handle bigger result sets" time="0.513">        </testcase>
        <testcase name="should not allow to set a column coming from another table" time="0.005">        </testcase>
        <testcase name="DB_Column and In_Memory_Column should be distinct types" time="0.009">        </testcase>
    </testsuite>
    <testsuite name="[Redshift] Connection.query" timestamp="2026-02-17T22:50:48" tests="8" disabled="0" errors="0" time="58.515">
        <testcase name="should allow to access a Table by name" time="41.286">        </testcase>
        <testcase name="should allow direct read by execute_query" time="0.708">        </testcase>
        <testcase name="should allow to access a Table by an SQL query" time="2.76">        </testcase>
        <testcase name="should use labels for column names" time="1.362">        </testcase>
        <testcase name="should report an error depending on input SQL_Query type" time="1.382">        </testcase>
        <testcase name="should not allow interpolations in raw user-built queries" time="0.667">        </testcase>
        <testcase name="will fail if the table is modified and a column gets removed" time="5.207">        </testcase>
        <testcase name="will not fail if the table is modified and a column gets added" time="5.139">        </testcase>
    </testsuite>
    <testsuite name="[Redshift] Masking Tables" timestamp="2026-02-17T22:51:33" tests="1" disabled="0" errors="0" time="43.616">
        <testcase name="should allow to select rows from a table or column based on an expression" time="43.616">        </testcase>
    </testsuite>
    <testsuite name="[Redshift] Missing Values" timestamp="2026-02-17T22:51:40" tests="2" disabled="0" errors="0" time="6.457">
        <testcase name="fill_nothing should replace nulls" time="4.024">        </testcase>
        <testcase name="should correctly be counted" time="2.433">        </testcase>
    </testsuite>
    <testsuite name="[Redshift] Sorting" timestamp="2026-02-17T22:51:51" tests="5" disabled="0" errors="0" time="10.084">
        <testcase name="should allow sorting by a single column name" time="4.723">        </testcase>
        <testcase name="should allow sorting by multiple column names" time="1.066">        </testcase>
        <testcase name="should allow sorting with specific by-column rules" time="0.361">        </testcase>
        <testcase name="should correctly reorder all kinds of columns and leave the original columns untouched" time="2.847">        </testcase>
        <testcase name="should sort columns with specified ordering and missing placement" time="1.085">        </testcase>
    </testsuite>
    <testsuite name="[Redshift] Aggregation" timestamp="2026-02-17T22:51:55" tests="2" disabled="0" errors="0" time="3.984">
        <testcase name="should allow counting group sizes and elements" time="3.131">        </testcase>
        <testcase name="should allow simple arithmetic aggregations" time="0.852">        </testcase>
    </testsuite>
    <testsuite name="[Redshift] Table.filter" timestamp="2026-02-17T22:52:42" tests="1" disabled="0" errors="0" time="45.839">
        <testcase name="report error when trying to filter by a custom predicate" time="45.839">        </testcase>
    </testsuite>
    <testsuite name="[Redshift] Internals" timestamp="2026-02-17T22:52:43" tests="1" disabled="0" errors="0" time="1.004">
        <testcase name="should correctly detect Table Already Exists error" time="1.004">        </testcase>
    </testsuite>
    <testsuite name="[Redshift] Info" timestamp="2026-02-17T22:52:53" tests="3" disabled="0" errors="0" time="9.893">
        <testcase name="should return Table information" time="6.71">        </testcase>
        <testcase name="should infer standard types correctly" time="0.009">        </testcase>
        <testcase name="should be able to write all the types at once" time="3.173">        </testcase>
    </testsuite>
    <testsuite name="[Redshift] Table.add_group_number (database)" timestamp="2026-02-17T22:54:18" tests="10" disabled="0" errors="0" time="85.306">
        <testcase name="should add group number by unique values" time="6.314">        </testcase>
        <testcase name="should add group number by equal counts" time="52.4">        </testcase>
        <testcase name="should add group number by equal counts, with order_by" time="4.188">        </testcase>
        <testcase name="should add group number by unique values, with from and step" time="2.516">        </testcase>
        <testcase name="should add group number by equal counts, with from and step" time="3.342">        </testcase>
        <testcase name="should add group number by equal sums" time="5.27">        </testcase>
        <testcase name="should add group number by equal sum, with from and step" time="2.512">        </testcase>
        <testcase name="should add group number by equal sums, with order_by" time="3.697">        </testcase>
        <testcase name="add group number by equal sums should work for Float" time="3.109">        </testcase>
        <testcase name="should report an error if the sum column does not exist" time="1.954">        </testcase>
    </testsuite>
    <testsuite name="[Redshift] Table.add_group_number (common)" timestamp="2026-02-17T22:54:48" tests="13" disabled="0" errors="0" time="29.896">
        <testcase name="should default the column name to &apos;Group&apos;" time="2.487">        </testcase>
        <testcase name="must specify group_by with Unique" time="1.801">        </testcase>
        <testcase name="must specify nonempty group_by with Unique" time="1.799">        </testcase>
        <testcase name="Equal_Count group count should default to 5" time="0.002">        </testcase>
        <testcase name="must specify one or more groups with Equal_Count" time="1.817">        </testcase>
        <testcase name="should fail if columns provided in group_by do not exist" time="1.872">        </testcase>
        <testcase name="should fail if columns provided in order_by do not exist" time="1.785">        </testcase>
        <testcase name="should rename existing column upon a name clash, and attach a warning" time="2.874">        </testcase>
        <testcase name="should add group number by standard deviation" time="3.674">        </testcase>
        <testcase name="should respect standard deviation &apos;population&apos; parameter" time="3.636">        </testcase>
        <testcase name="add group number by standard deviation with 0 or 1 element works" time="5.851">        </testcase>
        <testcase name="add group number by standard deviation does not allow from/step" time="2.089">        </testcase>
        <testcase name="add group number by standard deviation should throw an error on non-numeric values" time="0.203">        </testcase>
    </testsuite>
    <testsuite name="[Redshift] Table.add_row_number (common)" timestamp="2026-02-17T22:55:07" tests="7" disabled="0" errors="0" time="18.644">
        <testcase name="should rename existing column upon a name clash" time="2.41">        </testcase>
        <testcase name="should allow to order the row numbers by some columns" time="2.341">        </testcase>
        <testcase name="should allow mixing grouping with ordering and custom start and step" time="2.578">        </testcase>
        <testcase name="should report floating point equality warning when grouping on float columns" time="2.813">        </testcase>
        <testcase name="should fail if columns provided in ordering/grouping do not exist" time="1.773">        </testcase>
        <testcase name="will respect the row order of order_by" time="3.126">        </testcase>
        <testcase name="Should work correctly after aggregation" time="3.599">        </testcase>
    </testsuite>
    <testsuite name="[Redshift] Table.add_row_number (Database specific)" timestamp="2026-02-17T22:55:16" tests="2" disabled="0" errors="0" time="8.755">
        <testcase name="will use the primary key by default" time="6.739">        </testcase>
        <testcase name="will throw an error if there is no ordering" time="2.015">        </testcase>
    </testsuite>
    <testsuite name="[Redshift] Table.aggregate should summarize whole table" timestamp="2026-02-17T22:57:10" tests="16" disabled="3" errors="0" time="114.816">
        <testcase name="should be able to count" time="104.84">        </testcase>
        <testcase name="should be able to count (autoscoped)" time="0.984">        </testcase>
        <testcase name="should be able to count missing values" time="0.741">        </testcase>
        <testcase name="should be able to count distinct values" time="0.771">        </testcase>
        <testcase name="should be able to count distinct values over multiple columns" time="0.0">
            <skipped message="Not supported."/>
                </testcase>
        <testcase name="should be able to compute sum and average of values" time="0.709">        </testcase>
        <testcase name="should be able to compute sum and average of values (autoscoped)" time="0.701">        </testcase>
        <testcase name="should be able to compute standard deviation of values" time="0.735">        </testcase>
        <testcase name="should be able to create median, mode and percentile values" time="0.0">
            <skipped message="Not supported."/>
                </testcase>
        <testcase name="should be able to get first and last values" time="1.153">        </testcase>
        <testcase name="should be able to get first and last values ordering by a single column" time="0.746">        </testcase>
        <testcase name="should be able to get first and last values with mixed ordering by many columns" time="0.751">        </testcase>
        <testcase name="should be able to get first and last values with default row order" time="0.0">
            <skipped message="Not supported."/>
                </testcase>
        <testcase name="should be able to get minimum and maximum values" time="0.702">        </testcase>
        <testcase name="should be able to get shortest and longest text values" time="0.74">        </testcase>
        <testcase name="should be able to get concatenated text values" time="1.238">        </testcase>
    </testsuite>
    <testsuite name="[Redshift] Table.aggregate should summarize empty table" timestamp="2026-02-17T22:57:19" tests="11" disabled="2" errors="0" time="8.232">
        <testcase name="should be able to count" time="0.997">        </testcase>
        <testcase name="should be able to count missing values" time="1.039">        </testcase>
        <testcase name="should be able to count distinct values" time="0.708">        </testcase>
        <testcase name="should be able to compute sum and average of values" time="0.687">        </testcase>
        <testcase name="should be able to compute standard deviation of values" time="0.693">        </testcase>
        <testcase name="should be able to create median, mode and percentile values" time="0.0">
            <skipped message="Not supported."/>
                </testcase>
        <testcase name="should be able to get first and last values" time="0.723">        </testcase>
        <testcase name="should be able to get first and last values with default row order" time="0.0">
            <skipped message="Not supported."/>
                </testcase>
        <testcase name="should be able to get minimum and maximum values" time="1.026">        </testcase>
        <testcase name="should be able to get shortest and longest text values" time="1.07">        </testcase>
        <testcase name="should be able to get concatenated text values" time="1.285">        </testcase>
    </testsuite>
    <testsuite name="[Redshift] Table.aggregate should not summarize empty table when grouped" timestamp="2026-02-17T22:57:26" tests="11" disabled="2" errors="0" time="7.704">
        <testcase name="should be able to count" time="0.735">        </testcase>
        <testcase name="should be able to count missing values" time="0.772">        </testcase>
        <testcase name="should be able to count distinct values" time="0.76">        </testcase>
        <testcase name="should be able to compute sum and average of values" time="0.787">        </testcase>
        <testcase name="should be able to compute standard deviation of values" time="0.791">        </testcase>
        <testcase name="should be able to create median values" time="0.0">
            <skipped message="Not supported."/>
                </testcase>
        <testcase name="should be able to get first and last values" time="0.76">        </testcase>
        <testcase name="should be able to get first and last values with default row order" time="0.0">
            <skipped message="Not supported."/>
                </testcase>
        <testcase name="should be able to get minimum and maximum values" time="1.072">        </testcase>
        <testcase name="should be able to get shortest and longest text values" time="1.105">        </testcase>
        <testcase name="should be able to get concatenated text values" time="0.919">        </testcase>
    </testsuite>
    <testsuite name="[Redshift] Table.aggregate should be able to group on single field" timestamp="2026-02-17T22:57:35" tests="13" disabled="3" errors="0" time="8.821">
        <testcase name="should be able to count" time="0.745">        </testcase>
        <testcase name="should be able to count missing values" time="0.774">        </testcase>
        <testcase name="should be able to count distinct values" time="1.135">        </testcase>
        <testcase name="should be able to count distinct values over multiple columns" time="0.0">
            <skipped message="Not supported."/>
                </testcase>
        <testcase name="should be able to compute sum and average of values" time="0.741">        </testcase>
        <testcase name="should be able to compute standard deviation of values" time="0.785">        </testcase>
        <testcase name="should be able to create median values" time="0.0">
            <skipped message="Not supported."/>
                </testcase>
        <testcase name="should be able to get first and last values" time="0.762">        </testcase>
        <testcase name="should be able to get first and last values with mixed ordering" time="1.106">        </testcase>
        <testcase name="should be able to get first and last values with default row order" time="0.0">
            <skipped message="Not supported."/>
                </testcase>
        <testcase name="should be able to get minimum and maximum values" time="1.068">        </testcase>
        <testcase name="should be able to get shortest and longest text values" time="0.755">        </testcase>
        <testcase name="should be able to get concatenated text values" time="0.944">        </testcase>
    </testsuite>
    <testsuite name="[Redshift] Table.aggregate should be able to group on multiple fields" timestamp="2026-02-17T22:57:45" tests="13" disabled="3" errors="0" time="9.992">
        <testcase name="should be able to count" time="1.077">        </testcase>
        <testcase name="should be able to count missing values" time="1.103">        </testcase>
        <testcase name="should be able to count distinct values" time="0.798">        </testcase>
        <testcase name="should be able to count distinct values over multiple columns" time="0.0">
            <skipped message="Not supported."/>
                </testcase>
        <testcase name="should be able to compute sum and average of values" time="1.117">        </testcase>
        <testcase name="should be able to compute standard deviation of values" time="0.791">        </testcase>
        <testcase name="should be able to create median values" time="0.0">
            <skipped message="Not supported."/>
                </testcase>
        <testcase name="should be able to get first and last values" time="0.791">        </testcase>
        <testcase name="should be able to get first and last values with mixed ordering" time="0.778">        </testcase>
        <testcase name="should be able to get first and last values with default row order" time="0.0">
            <skipped message="Not supported."/>
                </testcase>
        <testcase name="should be able to get minimum and maximum values" time="1.095">        </testcase>
        <testcase name="should be able to get shortest and longest text values" time="1.124">        </testcase>
        <testcase name="should be able to get concatenated text values" time="1.313">        </testcase>
    </testsuite>
    <testsuite name="[Redshift] Table.aggregate Shortest" timestamp="2026-02-17T22:57:48" tests="1" disabled="0" errors="0" time="2.447">
        <testcase name="should correctly handle empty strings versus missing (null) strings" time="2.447">        </testcase>
    </testsuite>
    <testsuite name="[Redshift] Table.aggregate Concatenate" timestamp="2026-02-17T22:58:06" tests="6" disabled="0" errors="4" time="18.68">
        <testcase name="should insert the separator, add prefix and suffix" time="2.577">        </testcase>
        <testcase name="should correctly escape separator and quote characters but only if necessary" time="3.361">
            <failure message="[&apos;[[\&apos;\&apos;\&apos;\&apos;\&apos;\&apos;,\&apos;\&apos;\&apos;c\&apos;,\&apos;,\&apos;,\&apos;1,0\&apos;,b]]&apos;] did not equal [&apos;[[\&apos;1,0\&apos;,b,\&apos;\&apos;\&apos;c\&apos;,\&apos;\&apos;\&apos;\&apos;\&apos;\&apos;,\&apos;,\&apos;]]&apos;]; first difference at index 0  (at /Users/adriley/Code/enso-org/enso/test/Table_Tests/src/Common_Table_Operations/Aggregate_Spec.enso:1059:13-97).">
[&apos;[[\&apos;\&apos;\&apos;\&apos;\&apos;\&apos;,\&apos;\&apos;\&apos;c\&apos;,\&apos;,\&apos;,\&apos;1,0\&apos;,b]]&apos;] did not equal [&apos;[[\&apos;1,0\&apos;,b,\&apos;\&apos;\&apos;c\&apos;,\&apos;\&apos;\&apos;\&apos;\&apos;\&apos;,\&apos;,\&apos;]]&apos;]; first difference at index 0  (at /Users/adriley/Code/enso-org/enso/test/Table_Tests/src/Common_Table_Operations/Aggregate_Spec.enso:1059:13-97).
            </failure>
        </testcase>
        <testcase name="should correctly handle missing values and empty values with quote character" time="2.958">
            <failure message="[&apos;[[\&apos;\&apos;,\&apos;\&apos;,\&apos;1,0\&apos;,A,B,C,,]]&apos;] did not equal [&apos;[[\&apos;1,0\&apos;,A,\&apos;\&apos;,\&apos;\&apos;,B,,,C]]&apos;]; first difference at index 0  (at /Users/adriley/Code/enso-org/enso/test/Table_Tests/src/Common_Table_Operations/Aggregate_Spec.enso:1069:13-92).">
[&apos;[[\&apos;\&apos;,\&apos;\&apos;,\&apos;1,0\&apos;,A,B,C,,]]&apos;] did not equal [&apos;[[\&apos;1,0\&apos;,A,\&apos;\&apos;,\&apos;\&apos;,B,,,C]]&apos;]; first difference at index 0  (at /Users/adriley/Code/enso-org/enso/test/Table_Tests/src/Common_Table_Operations/Aggregate_Spec.enso:1069:13-92).
            </failure>
        </testcase>
        <testcase name="will not be able to distinguish missing values from empty values without quote character" time="3.246">
            <failure message="[&apos;[[,,1,0,A,B,C,,]]&apos;] did not equal [&apos;[[1,0,A,,,B,,,C]]&apos;]; first difference at index 0  (at /Users/adriley/Code/enso-org/enso/test/Table_Tests/src/Common_Table_Operations/Aggregate_Spec.enso:1084:13-86).">
[&apos;[[,,1,0,A,B,C,,]]&apos;] did not equal [&apos;[[1,0,A,,,B,,,C]]&apos;]; first difference at index 0  (at /Users/adriley/Code/enso-org/enso/test/Table_Tests/src/Common_Table_Operations/Aggregate_Spec.enso:1084:13-86).
            </failure>
        </testcase>
        <testcase name="should work with empty separator" time="3.023">        </testcase>
        <testcase name="should work with empty separator but non-empty quote" time="3.511">
            <failure message="[&apos;\&apos;\&apos;\&apos;\&apos;\&apos;1\&apos;\&apos;0\&apos;ABC&apos;] did not equal [&apos;\&apos;1\&apos;\&apos;0\&apos;A\&apos;\&apos;\&apos;\&apos;BC&apos;]; first difference at index 0  (at /Users/adriley/Code/enso-org/enso/test/Table_Tests/src/Common_Table_Operations/Aggregate_Spec.enso:1104:13-82).">
[&apos;\&apos;\&apos;\&apos;\&apos;\&apos;1\&apos;\&apos;0\&apos;ABC&apos;] did not equal [&apos;\&apos;1\&apos;\&apos;0\&apos;A\&apos;\&apos;\&apos;\&apos;BC&apos;]; first difference at index 0  (at /Users/adriley/Code/enso-org/enso/test/Table_Tests/src/Common_Table_Operations/Aggregate_Spec.enso:1104:13-82).
            </failure>
        </testcase>
    </testsuite>
    <testsuite name="[Redshift] Table.aggregate Count_Distinct" timestamp="2026-02-17T22:58:29" tests="4" disabled="2" errors="0" time="22.482">
        <testcase name="should correctly count missing values" time="19.644">        </testcase>
        <testcase name="should correctly count all-null keys in multi-column mode" time="0.0">
            <skipped message="Not supported."/>
                </testcase>
        <testcase name="should work correctly with Boolean columns" time="2.838">        </testcase>
        <testcase name="should work correctly with Boolean columns (multi-column mode)" time="0.0">
            <skipped message="Not supported."/>
                </testcase>
    </testsuite>
    <testsuite name="[Redshift] Table.aggregate Standard_Deviation" timestamp="2026-02-17T22:58:31" tests="1" disabled="0" errors="0" time="2.211">
        <testcase name="should correctly handle single elements" time="2.211">        </testcase>
    </testsuite>
    <testsuite name="[Redshift] Table.aggregate should correctly select result types" timestamp="2026-02-17T22:58:37" tests="4" disabled="2" errors="0" time="6.375">
        <testcase name="widening to decimals on Average" time="3.535">        </testcase>
        <testcase name="widening to decimals on Median" time="0.0">
            <skipped message="Not supported."/>
                </testcase>
        <testcase name="widening to decimals on Percentile" time="0.0">
            <skipped message="Not supported."/>
                </testcase>
        <testcase name="widening to decimals on Standard_Deviation" time="2.84">        </testcase>
    </testsuite>
    <testsuite name="[Redshift] Table.aggregate should correctly handle infinities" timestamp="2026-02-17T22:58:46" tests="4" disabled="2" errors="0" time="8.237">
        <testcase name="on Average" time="5.456">        </testcase>
        <testcase name="on Median" time="0.0">
            <skipped message="Not supported."/>
                </testcase>
        <testcase name="on Percentile" time="0.0">
            <skipped message="Not supported."/>
                </testcase>
        <testcase name="on Standard_Deviation" time="2.781">        </testcase>
    </testsuite>
    <testsuite name="[Redshift] Table.aggregate Mode" timestamp="2026-02-17T22:58:46" tests="0" disabled="1" errors="0" time="0.0">
        <testcase name="PENDING" time="0.0">
            <skipped message="Reason: Not supported."/>
        </testcase>
    </testsuite>
    <testsuite name="[Redshift] Table.aggregate First and Last" timestamp="2026-02-17T22:58:57" tests="4" disabled="0" errors="1" time="11.629">
        <testcase name="should not return the same value for groups with different values but equal ordering keys" time="2.469">
            <failure message="Expected False to be True (at /Users/adriley/Code/enso-org/enso/test/Table_Tests/src/Common_Table_Operations/Aggregate_Spec.enso:1404:13-42).">
Expected False to be True (at /Users/adriley/Code/enso-org/enso/test/Table_Tests/src/Common_Table_Operations/Aggregate_Spec.enso:1404:13-42).
            </failure>
        </testcase>
        <testcase name="should work with grouping and ordering, and other aggregates" time="3.775">        </testcase>
        <testcase name="should respect the `ignore_nothing` setting" time="2.25">        </testcase>
        <testcase name="may return Nothing even if `ignore_nothing=True` if there are no values" time="3.134">        </testcase>
    </testsuite>
    <testsuite name="[Redshift] Table.aggregate" timestamp="2026-02-17T22:59:08" tests="4" disabled="0" errors="0" time="10.694">
        <testcase name="should work even if no aggregations apart from groupings are specified" time="2.505">        </testcase>
        <testcase name="should work when stacked one after another" time="2.588">        </testcase>
        <testcase name="should report a warning and ignore problematic columns if a feature is not supported" time="3.862">        </testcase>
        <testcase name="will include unsupported feature problem in No_Output_Columns" time="1.737">        </testcase>
    </testsuite>
    <testsuite name="[Redshift] Table.aggregate+Expressions" timestamp="2026-02-17T22:59:12" tests="2" disabled="0" errors="0" time="3.551">
        <testcase name="should allow expressions in aggregates" time="2.483">        </testcase>
        <testcase name="should warn when encountering invalid expressions, but try to perform the aggregations that are still valid" time="1.068">        </testcase>
    </testsuite>
    <testsuite name="[Redshift] Table.aggregate should raise warnings when there are issues" timestamp="2026-02-17T23:00:08" tests="7" disabled="0" errors="0" time="56.429">
        <testcase name="should fail if there are no output columns, and promote any warnings to errors" time="8.657">        </testcase>
        <testcase name="should raise a warning when can&apos;t find a column by name, but a hard error if the missing column is in group_by" time="18.429">        </testcase>
        <testcase name="should raise a warning when a duplicate column name" time="5.208">        </testcase>
        <testcase name="should raise a warning when a duplicate column name and rename default names first" time="5.875">        </testcase>
        <testcase name="should raise a warning when duplicate column names" time="6.505">        </testcase>
        <testcase name="should allow partial matches on Count_Distinct" time="5.829">        </testcase>
        <testcase name="should ignore Count_Distinct if no columns matched" time="5.922">        </testcase>
    </testsuite>
    <testsuite name="[Redshift] Table.aggregate should report warnings and errors based on types" timestamp="2026-02-17T23:00:17" tests="4" disabled="0" errors="0" time="9.291">
        <testcase name="should warn if grouping on a floating point" time="1.841">        </testcase>
        <testcase name="should error if unsupported operations are selected" time="1.792">        </testcase>
        <testcase name="should check types" time="1.77">        </testcase>
        <testcase name="should return predictable types" time="3.886">        </testcase>
    </testsuite>
    <testsuite name="[Redshift] Table.aggregate should raise warnings when there are issues computing aggregation" timestamp="2026-02-17T23:00:17" tests="0" disabled="1" errors="0" time="0.0">
        <testcase name="PENDING" time="0.0">
            <skipped message="Reason: Not supported."/>
        </testcase>
    </testsuite>
    <testsuite name="[Redshift] Table.aggregate should merge warnings when issues computing aggregation" timestamp="2026-02-17T23:00:17" tests="0" disabled="1" errors="0" time="0.0">
        <testcase name="PENDING" time="0.0">
            <skipped message="Reason: Not supported."/>
        </testcase>
    </testsuite>
    <testsuite name="[Redshift] Table.aggregate should report unsupported operations but not block other aggregations in warning mode" timestamp="2026-02-17T23:00:26" tests="3" disabled="0" errors="0" time="8.861">
        <testcase name="with First and Last in row order" time="3.189">        </testcase>
        <testcase name="with Median, Mode and Percentile" time="2.764">        </testcase>
        <testcase name="with Count_Distinct on multiple fields" time="2.908">        </testcase>
    </testsuite>
    <testsuite name="[Redshift] Table.coalesce" timestamp="2026-02-17T23:00:47" tests="8" disabled="0" errors="0" time="21.174">
        <testcase name="2 columns" time="2.476">        </testcase>
        <testcase name="2 columns passing second as vector" time="2.462">        </testcase>
        <testcase name="2 columns passing second and third as vector" time="2.441">        </testcase>
        <testcase name="column and constant" time="2.432">        </testcase>
        <testcase name="column and constant and column" time="2.452">        </testcase>
        <testcase name="2 columns of diffferent types" time="1.813">        </testcase>
        <testcase name="2 columns from different tables only works In-Memory" time="3.54">        </testcase>
        <testcase name="2 columns from different length tables only works In-Memory" time="3.553">        </testcase>
    </testsuite>
    <testsuite name="[Redshift] Column Naming edge cases" timestamp="2026-02-17T23:01:09" tests="7" disabled="0" errors="1" time="21.572">
        <testcase name="case insensitive name collisions - set" time="4.101">        </testcase>
        <testcase name="case insensitive name collisions - rename" time="1.549">        </testcase>
        <testcase name="case insensitive name collisions - aggregate" time="3.785">        </testcase>
        <testcase name="case insensitive name collisions - joins" time="3.87">        </testcase>
        <testcase name="case insensitive name collisions - cross_tab" time="1.727">        </testcase>
        <testcase name="case insensitive name collisions - transpose" time="1.751">        </testcase>
        <testcase name="unicode-normalized-equality vs selecting columns" time="4.786">
            <failure message="[1, 2] did not equal [2, 1]; first difference at index 0  (at /Users/adriley/Code/enso-org/enso/test/Table_Tests/src/Common_Table_Operations/Column_Name_Edge_Cases_Spec.enso:182:13-61).">
[1, 2] did not equal [2, 1]; first difference at index 0  (at /Users/adriley/Code/enso-org/enso/test/Table_Tests/src/Common_Table_Operations/Column_Name_Edge_Cases_Spec.enso:182:13-61).
            </failure>
        </testcase>
    </testsuite>
    <testsuite name="[Redshift] (Column_Operations_Spec) Rounding numeric tests" timestamp="2026-02-17T23:15:12" tests="34" disabled="10" errors="2" time="842.928">
        <testcase name="Can round positive decimals correctly" time="2.664">        </testcase>
        <testcase name="Can round negative decimals correctly" time="2.617">        </testcase>
        <testcase name="Explicit and implicit 0 decimal places work the same" time="1.6">        </testcase>
        <testcase name="Can round zero and small decimals correctly" time="1.287">        </testcase>
        <testcase name="Can round positive decimals to a specified number of decimal places" time="57.928">        </testcase>
        <testcase name="Can round negative decimals to a specified number of decimal places" time="56.667">        </testcase>
        <testcase name="Can round positive decimals to a specified negative number of decimal places" time="61.605">        </testcase>
        <testcase name="Can round negative decimals to a specified negative number of decimal places" time="61.135">        </testcase>
        <testcase name="Banker&apos;s rounding handles half-way values correctly" time="0.0">
            <skipped message="Advanced edge tests are disabled in this run."/>
                </testcase>
        <testcase name="Banker&apos;s rounding handles non-half-way values just like normal rounding" time="0.0">
            <skipped message="Advanced edge tests are disabled in this run."/>
                </testcase>
        <testcase name="Can round small integers to a specified number of decimal places correctly (value is unchanged)" time="2.695">
            <failure message="round(3, 1, rounding_mode=Half_Up) -&gt; 30 did not equal 3 (at /Users/adriley/Code/enso-org/enso/test/Base_Tests/src/Data/Round_Spec.enso:33:17-49).">
round(3, 1, rounding_mode=Half_Up) -&gt; 30 did not equal 3 (at /Users/adriley/Code/enso-org/enso/test/Base_Tests/src/Data/Round_Spec.enso:33:17-49).
            </failure>
        </testcase>
        <testcase name="Can round integers to a specified number of negative places correctly" time="8.549">        </testcase>
        <testcase name="Can round negative integers to a specified number of negative places correctly" time="0.0">
            <skipped message="Advanced edge tests are disabled in this run."/>
                </testcase>
        <testcase name="Can round negative integers to a specified number of negative places with banker&apos;s rounding correctly" time="0.0">
            <skipped message="Advanced edge tests are disabled in this run."/>
                </testcase>
        <testcase name="Accepts deprecated use_bankers boolean argument, with a warning" time="0.0">
            <skipped message="https://github.com/enso-org/enso/issues/12787"/>
                </testcase>
        <testcase name="Handles incorrect argument types" time="0.003">        </testcase>
        <testcase name="Can round positive decimals correctly" time="34.293">        </testcase>
        <testcase name="Can round negative decimals correctly" time="34.354">        </testcase>
        <testcase name="Explicit and implicit 0 decimal places work the same" time="19.931">        </testcase>
        <testcase name="Can round zero and small decimals correctly" time="14.924">        </testcase>
        <testcase name="Can round positive decimals to a specified number of decimal places" time="56.041">        </testcase>
        <testcase name="Can round negative decimals to a specified number of decimal places" time="55.799">        </testcase>
        <testcase name="Can round positive decimals to a specified negative number of decimal places" time="61.626">        </testcase>
        <testcase name="Can round negative decimals to a specified negative number of decimal places" time="61.19">        </testcase>
        <testcase name="Banker&apos;s rounding handles half-way values correctly" time="0.0">
            <skipped message="Advanced edge tests are disabled in this run."/>
                </testcase>
        <testcase name="Banker&apos;s rounding handles non-half-way values just like normal rounding" time="0.0">
            <skipped message="Advanced edge tests are disabled in this run."/>
                </testcase>
        <testcase name="Can round small integers to a specified number of decimal places correctly (value is unchanged)" time="54.034">        </testcase>
        <testcase name="Can round integers to a specified number of negative places correctly" time="190.682">        </testcase>
        <testcase name="Can round negative integers to a specified number of negative places correctly" time="0.0">
            <skipped message="Advanced edge tests are disabled in this run."/>
                </testcase>
        <testcase name="Can round negative integers to a specified number of negative places with banker&apos;s rounding correctly" time="0.0">
            <skipped message="Advanced edge tests are disabled in this run."/>
                </testcase>
        <testcase name="Accepts deprecated use_bankers boolean argument, with a warning" time="0.0">
            <skipped message="https://github.com/enso-org/enso/issues/12787"/>
                </testcase>
        <testcase name="Handles incorrect argument types" time="0.002">        </testcase>
        <testcase name="Decimal places out of range" time="0.006">        </testcase>
        <testcase name="Non-builtin integer column rounding" time="3.285">
            <failure message="[0.0, 3.0, -3.0, 30, -30, 10, 20, -10, -10] did not equal [0, 3, -3, 3, -3, 10, 20, -10, -10]; first difference at index 3  (at /Users/adriley/Code/enso-org/enso/test/Table_Tests/src/Common_Table_Operations/Column_Operations_Spec.enso:196:13-153).">
[0.0, 3.0, -3.0, 30, -30, 10, 20, -10, -10] did not equal [0, 3, -3, 3, -3, 10, 20, -10, -10]; first difference at index 3  (at /Users/adriley/Code/enso-org/enso/test/Table_Tests/src/Common_Table_Operations/Column_Operations_Spec.enso:196:13-153).
            </failure>
        </testcase>
    </testsuite>
    <testsuite name="[Redshift] (Column_Operations_Spec) Boolean Column Operations" timestamp="2026-02-17T23:15:48" tests="8" disabled="1" errors="0" time="36.312">
        <testcase name="iif" time="6.459">        </testcase>
        <testcase name="iif on Columns" time="6.557">        </testcase>
        <testcase name="iif should correctly unify text columns of various lengths" time="0.0">
            <skipped message="Fixed-length Char columns are not supported by this backend."/>
                </testcase>
        <testcase name="should allow to compute &amp;&amp;, || and not" time="7.464">        </testcase>
        <testcase name="should handle nulls correctly in not" time="1.004">        </testcase>
        <testcase name="should handle nulls correctly in &amp;&amp;" time="7.2">        </testcase>
        <testcase name="should handle nulls correctly in ||" time="7.252">        </testcase>
        <testcase name="should check types" time="0.373">        </testcase>
    </testsuite>
    <testsuite name="[Redshift] (Column_Operations_Spec) Column Operations - Equality &amp; Null Handling" timestamp="2026-02-17T23:15:59" tests="7" disabled="0" errors="5" time="10.7">
        <testcase name="should provide basic == and != comparisons" time="2.771">
            <failure message="{Table: x-&gt;Integer (64 bits), y-&gt;Float (64 bits)} [False, True, Nothing, False] did not equal [False, False, True, Nothing]; first difference at index 1  (at /Users/adriley/Code/enso-org/enso/test/Table_Tests/src/Common_Table_Operations/Column_Operations_Spec.enso:395:17-79).">
{Table: x-&gt;Integer (64 bits), y-&gt;Float (64 bits)} [False, True, Nothing, False] did not equal [False, False, True, Nothing]; first difference at index 1  (at /Users/adriley/Code/enso-org/enso/test/Table_Tests/src/Common_Table_Operations/Column_Operations_Spec.enso:395:17-79).
            </failure>
        </testcase>
        <testcase name="should allow to check which values are null" time="2.439">
            <failure message="{Table: x-&gt;Integer (64 bits)} [True, False, False, False] did not equal [False, False, False, True]; first difference at index 0  (at /Users/adriley/Code/enso-org/enso/test/Table_Tests/src/Common_Table_Operations/Column_Operations_Spec.enso:403:17-81).">
{Table: x-&gt;Integer (64 bits)} [True, False, False, False] did not equal [False, False, False, True]; first difference at index 0  (at /Users/adriley/Code/enso-org/enso/test/Table_Tests/src/Common_Table_Operations/Column_Operations_Spec.enso:403:17-81).
            </failure>
        </testcase>
        <testcase name="Column equality should handle nulls correctly" time="0.672">
            <failure message="An unexpected dataflow error (There was an SQL error: ERROR: failed to find conversion function from &quot;unknown&quot; to bigint. [Query was: SELECT (&quot;literal_table&quot;.&quot;A&quot;) = (&quot;literal_table&quot;.&quot;B&quot;) AS &quot;[A] == [B]&quot; FROM (SELECT ? AS &quot;A&quot;, ? AS &quot;B&quot; UNION ALL SELECT ?, ? UNION ALL SELECT ?, ? UNION ALL SELECT ?, ?) AS &quot;literal_table&quot;(&quot;A&quot;, &quot;B&quot;) LIMIT 1001]) has been matched (at /Users/adriley/Code/enso-org/enso/test/Table_Tests/src/Common_Table_Operations/Column_Operations_Spec.enso:416:13-70).">
An unexpected dataflow error (There was an SQL error: ERROR: failed to find conversion function from &quot;unknown&quot; to bigint. [Query was: SELECT (&quot;literal_table&quot;.&quot;A&quot;) = (&quot;literal_table&quot;.&quot;B&quot;) AS &quot;[A] == [B]&quot; FROM (SELECT ? AS &quot;A&quot;, ? AS &quot;B&quot; UNION ALL SELECT ?, ? UNION ALL SELECT ?, ? UNION ALL SELECT ?, ?) AS &quot;literal_table&quot;(&quot;A&quot;, &quot;B&quot;) LIMIT 1001]) has been matched (at /Users/adriley/Code/enso-org/enso/test/Table_Tests/src/Common_Table_Operations/Column_Operations_Spec.enso:416:13-70).

        at &lt;enso&gt; if_then_else.materialized_table(/Users/adriley/Code/enso-org/enso/distribution/lib/Standard/Database/0.0.0-dev/src/Internal/DB_Table_Implementation.enso:714:17-111)
            </failure>
        </testcase>
        <testcase name="equals_ignore_case for ASCII strings" time="2.445">
            <failure message="{Table: X-&gt;Char (variable length, max_size=unlimited), Y-&gt;Char (variable length, max_size=unlimited)} [True, True, True, False] did not equal [False, True, True, True]; first difference at index 0  (at /Users/adriley/Code/enso-org/enso/test/Table_Tests/src/Common_Table_Operations/Column_Operations_Spec.enso:428:17-44).">
{Table: X-&gt;Char (variable length, max_size=unlimited), Y-&gt;Char (variable length, max_size=unlimited)} [True, True, True, False] did not equal [False, True, True, True]; first difference at index 0  (at /Users/adriley/Code/enso-org/enso/test/Table_Tests/src/Common_Table_Operations/Column_Operations_Spec.enso:428:17-44).
            </failure>
        </testcase>
        <testcase name="equals_ignore_case should check types" time="0.027">        </testcase>
        <testcase name="Text Column equality (including case-insensitive) should handle nulls correctly" time="0.672">
            <failure message="An unexpected dataflow error (There was an SQL error: ERROR: failed to find conversion function from &quot;unknown&quot; to character varying. [Query was: SELECT (&quot;literal_table&quot;.&quot;A&quot;) = (&quot;literal_table&quot;.&quot;B&quot;) AS &quot;[A] == [B]&quot; FROM (SELECT ? AS &quot;A&quot;, ? AS &quot;B&quot; UNION ALL SELECT ?, ? UNION ALL SELECT ?, ? UNION ALL SELECT ?, ? UNION ALL SELECT ?, ?) AS &quot;literal_table&quot;(&quot;A&quot;, &quot;B&quot;) LIMIT 1001]) has been matched (at /Users/adriley/Code/enso-org/enso/test/Table_Tests/src/Common_Table_Operations/Column_Operations_Spec.enso:454:13-104).">
An unexpected dataflow error (There was an SQL error: ERROR: failed to find conversion function from &quot;unknown&quot; to character varying. [Query was: SELECT (&quot;literal_table&quot;.&quot;A&quot;) = (&quot;literal_table&quot;.&quot;B&quot;) AS &quot;[A] == [B]&quot; FROM (SELECT ? AS &quot;A&quot;, ? AS &quot;B&quot; UNION ALL SELECT ?, ? UNION ALL SELECT ?, ? UNION ALL SELECT ?, ? UNION ALL SELECT ?, ?) AS &quot;literal_table&quot;(&quot;A&quot;, &quot;B&quot;) LIMIT 1001]) has been matched (at /Users/adriley/Code/enso-org/enso/test/Table_Tests/src/Common_Table_Operations/Column_Operations_Spec.enso:454:13-104).

        at &lt;enso&gt; if_then_else.materialized_table(/Users/adriley/Code/enso-org/enso/distribution/lib/Standard/Database/0.0.0-dev/src/Internal/DB_Table_Implementation.enso:714:17-111)
            </failure>
        </testcase>
        <testcase name="should report a warning if checking equality on floating point columns" time="1.671">        </testcase>
    </testsuite>
    <testsuite name="[Redshift] (Column_Operations_Spec) Column.fill_nothing/empty" timestamp="2026-02-17T23:16:02" tests="4" disabled="0" errors="4" time="2.986">
        <testcase name="should allow to fill_nothing from a value" time="0.663">
            <failure message="An unexpected dataflow error (There was an SQL error: ERROR: failed to find conversion function from &quot;unknown&quot; to bigint. [Query was: SELECT COALESCE(&quot;literal_table&quot;.&quot;col&quot;, ?) AS &quot;col&quot; FROM (SELECT ? AS &quot;col&quot; UNION ALL SELECT ? UNION ALL SELECT ? UNION ALL SELECT ? UNION ALL SELECT ? UNION ALL SELECT ?) AS &quot;literal_table&quot;(&quot;col&quot;) LIMIT 1001]) has been matched (at /Users/adriley/Code/enso-org/enso/test/Table_Tests/src/Common_Table_Operations/Column_Operations_Spec.enso:474:13-63).">
An unexpected dataflow error (There was an SQL error: ERROR: failed to find conversion function from &quot;unknown&quot; to bigint. [Query was: SELECT COALESCE(&quot;literal_table&quot;.&quot;col&quot;, ?) AS &quot;col&quot; FROM (SELECT ? AS &quot;col&quot; UNION ALL SELECT ? UNION ALL SELECT ? UNION ALL SELECT ? UNION ALL SELECT ? UNION ALL SELECT ?) AS &quot;literal_table&quot;(&quot;col&quot;) LIMIT 1001]) has been matched (at /Users/adriley/Code/enso-org/enso/test/Table_Tests/src/Common_Table_Operations/Column_Operations_Spec.enso:474:13-63).

        at &lt;enso&gt; if_then_else.materialized_table(/Users/adriley/Code/enso-org/enso/distribution/lib/Standard/Database/0.0.0-dev/src/Internal/DB_Table_Implementation.enso:714:17-111)
            </failure>
        </testcase>
        <testcase name="should allow to fill_nothing from another column" time="0.657">
            <failure message="An unexpected dataflow error (There was an SQL error: ERROR: failed to find conversion function from &quot;unknown&quot; to bigint. [Query was: SELECT COALESCE(&quot;literal_table&quot;.&quot;col&quot;, &quot;literal_table&quot;.&quot;def&quot;) AS &quot;col&quot; FROM (SELECT ? AS &quot;col&quot;, ? AS &quot;def&quot; UNION ALL SELECT ?, ? UNION ALL SELECT ?, ? UNION ALL SELECT ?, ? UNION ALL SELECT ?, ? UNION ALL SELECT ?, ?) AS &quot;literal_table&quot;(&quot;col&quot;, &quot;def&quot;) LIMIT 1001]) has been matched (at /Users/adriley/Code/enso-org/enso/test/Table_Tests/src/Common_Table_Operations/Column_Operations_Spec.enso:480:13-64).">
An unexpected dataflow error (There was an SQL error: ERROR: failed to find conversion function from &quot;unknown&quot; to bigint. [Query was: SELECT COALESCE(&quot;literal_table&quot;.&quot;col&quot;, &quot;literal_table&quot;.&quot;def&quot;) AS &quot;col&quot; FROM (SELECT ? AS &quot;col&quot;, ? AS &quot;def&quot; UNION ALL SELECT ?, ? UNION ALL SELECT ?, ? UNION ALL SELECT ?, ? UNION ALL SELECT ?, ? UNION ALL SELECT ?, ?) AS &quot;literal_table&quot;(&quot;col&quot;, &quot;def&quot;) LIMIT 1001]) has been matched (at /Users/adriley/Code/enso-org/enso/test/Table_Tests/src/Common_Table_Operations/Column_Operations_Spec.enso:480:13-64).

        at &lt;enso&gt; if_then_else.materialized_table(/Users/adriley/Code/enso-org/enso/distribution/lib/Standard/Database/0.0.0-dev/src/Internal/DB_Table_Implementation.enso:714:17-111)
            </failure>
        </testcase>
        <testcase name="should allow to fill_empty from a value" time="1.005">
            <failure message="An unexpected dataflow error (There was an SQL error: ERROR: failed to find conversion function from &quot;unknown&quot; to character varying. [Query was: SELECT (CASE WHEN (((&quot;literal_table&quot;.&quot;col&quot;)::text IS NULL) OR (&quot;literal_table&quot;.&quot;col&quot; = &apos;&apos;)) THEN ? WHEN (((&quot;literal_table&quot;.&quot;col&quot;)::text IS NULL) OR (&quot;literal_table&quot;.&quot;col&quot; = &apos;&apos;)) IS NULL THEN NULL ELSE &quot;literal_table&quot;.&quot;col&quot; END) AS &quot;col&quot; FROM (SELECT ? AS &quot;col&quot; UNION ALL SELECT ? UNION ALL SELECT ? UNION ALL SELECT ? UNION ALL SELECT ? UNION ALL SELECT ?) AS &quot;literal_table&quot;(&quot;col&quot;) LIMIT 1001]) has been matched (at /Users/adriley/Code/enso-org/enso/test/Table_Tests/src/Common_Table_Operations/Column_Operations_Spec.enso:487:13-87).">
An unexpected dataflow error (There was an SQL error: ERROR: failed to find conversion function from &quot;unknown&quot; to character varying. [Query was: SELECT (CASE WHEN (((&quot;literal_table&quot;.&quot;col&quot;)::text IS NULL) OR (&quot;literal_table&quot;.&quot;col&quot; = &apos;&apos;)) THEN ? WHEN (((&quot;literal_table&quot;.&quot;col&quot;)::text IS NULL) OR (&quot;literal_table&quot;.&quot;col&quot; = &apos;&apos;)) IS NULL THEN NULL ELSE &quot;literal_table&quot;.&quot;col&quot; END) AS &quot;col&quot; FROM (SELECT ? AS &quot;col&quot; UNION ALL SELECT ? UNION ALL SELECT ? UNION ALL SELECT ? UNION ALL SELECT ? UNION ALL SELECT ?) AS &quot;literal_table&quot;(&quot;col&quot;) LIMIT 1001]) has been matched (at /Users/adriley/Code/enso-org/enso/test/Table_Tests/src/Common_Table_Operations/Column_Operations_Spec.enso:487:13-87).

        at &lt;enso&gt; if_then_else.materialized_table(/Users/adriley/Code/enso-org/enso/distribution/lib/Standard/Database/0.0.0-dev/src/Internal/DB_Table_Implementation.enso:714:17-111)
            </failure>
        </testcase>
        <testcase name="should allow to fill_empty from another column" time="0.66">
            <failure message="An unexpected dataflow error (There was an SQL error: ERROR: failed to find conversion function from &quot;unknown&quot; to character varying. [Query was: SELECT COALESCE(&quot;literal_table&quot;.&quot;col&quot;, &quot;literal_table&quot;.&quot;def&quot;) AS &quot;col&quot; FROM (SELECT ? AS &quot;col&quot;, ? AS &quot;def&quot; UNION ALL SELECT ?, ? UNION ALL SELECT ?, ? UNION ALL SELECT ?, ? UNION ALL SELECT ?, ? UNION ALL SELECT ?, ?) AS &quot;literal_table&quot;(&quot;col&quot;, &quot;def&quot;) LIMIT 1001]) has been matched (at /Users/adriley/Code/enso-org/enso/test/Table_Tests/src/Common_Table_Operations/Column_Operations_Spec.enso:493:13-74).">
An unexpected dataflow error (There was an SQL error: ERROR: failed to find conversion function from &quot;unknown&quot; to character varying. [Query was: SELECT COALESCE(&quot;literal_table&quot;.&quot;col&quot;, &quot;literal_table&quot;.&quot;def&quot;) AS &quot;col&quot; FROM (SELECT ? AS &quot;col&quot;, ? AS &quot;def&quot; UNION ALL SELECT ?, ? UNION ALL SELECT ?, ? UNION ALL SELECT ?, ? UNION ALL SELECT ?, ? UNION ALL SELECT ?, ?) AS &quot;literal_table&quot;(&quot;col&quot;, &quot;def&quot;) LIMIT 1001]) has been matched (at /Users/adriley/Code/enso-org/enso/test/Table_Tests/src/Common_Table_Operations/Column_Operations_Spec.enso:493:13-74).

        at &lt;enso&gt; if_then_else.materialized_table(/Users/adriley/Code/enso-org/enso/distribution/lib/Standard/Database/0.0.0-dev/src/Internal/DB_Table_Implementation.enso:714:17-111)
            </failure>
        </testcase>
    </testsuite>
    <testsuite name="[Redshift] (Column_Operations_Spec) Table.fill_nothing/empty" timestamp="2026-02-17T23:16:22" tests="14" disabled="0" errors="13" time="19.794">
        <testcase name="should allow to fill_nothing from a value" time="1.033">
            <failure message="An unexpected dataflow error (There was an SQL error: ERROR: failed to find conversion function from &quot;unknown&quot; to bigint. [Query was: SELECT COALESCE(&quot;literal_table&quot;.&quot;col0&quot;, ?) AS &quot;col0&quot; FROM (SELECT ? AS &quot;col0&quot;, ? AS &quot;col1&quot; UNION ALL SELECT ?, ? UNION ALL SELECT ?, ? UNION ALL SELECT ?, ? UNION ALL SELECT ?, ? UNION ALL SELECT ?, ?) AS &quot;literal_table&quot;(&quot;col0&quot;, &quot;col1&quot;) LIMIT 1001]) has been matched (at /Users/adriley/Code/enso-org/enso/test/Table_Tests/src/Common_Table_Operations/Column_Operations_Spec.enso:502:13-83).">
An unexpected dataflow error (There was an SQL error: ERROR: failed to find conversion function from &quot;unknown&quot; to bigint. [Query was: SELECT COALESCE(&quot;literal_table&quot;.&quot;col0&quot;, ?) AS &quot;col0&quot; FROM (SELECT ? AS &quot;col0&quot;, ? AS &quot;col1&quot; UNION ALL SELECT ?, ? UNION ALL SELECT ?, ? UNION ALL SELECT ?, ? UNION ALL SELECT ?, ? UNION ALL SELECT ?, ?) AS &quot;literal_table&quot;(&quot;col0&quot;, &quot;col1&quot;) LIMIT 1001]) has been matched (at /Users/adriley/Code/enso-org/enso/test/Table_Tests/src/Common_Table_Operations/Column_Operations_Spec.enso:502:13-83).

        at &lt;enso&gt; if_then_else.materialized_table(/Users/adriley/Code/enso-org/enso/distribution/lib/Standard/Database/0.0.0-dev/src/Internal/DB_Table_Implementation.enso:714:17-111)
            </failure>
        </testcase>
        <testcase name="should allow to fill_nothing from larger string and expands type to fit" time="1.057">
            <failure message="An unexpected dataflow error (There was an SQL error: ERROR: failed to find conversion function from &quot;unknown&quot; to character varying. [Query was: SELECT COALESCE(CAST(&quot;literal_table&quot;.&quot;col0&quot; AS char(1)), ?) AS &quot;col0&quot; FROM (SELECT ? AS &quot;col0&quot; UNION ALL SELECT ? UNION ALL SELECT ? UNION ALL SELECT ? UNION ALL SELECT ? UNION ALL SELECT ?) AS &quot;literal_table&quot;(&quot;col0&quot;) LIMIT 1001]) has been matched (at /Users/adriley/Code/enso-org/enso/test/Table_Tests/src/Common_Table_Operations/Column_Operations_Spec.enso:508:13-98).">
An unexpected dataflow error (There was an SQL error: ERROR: failed to find conversion function from &quot;unknown&quot; to character varying. [Query was: SELECT COALESCE(CAST(&quot;literal_table&quot;.&quot;col0&quot; AS char(1)), ?) AS &quot;col0&quot; FROM (SELECT ? AS &quot;col0&quot; UNION ALL SELECT ? UNION ALL SELECT ? UNION ALL SELECT ? UNION ALL SELECT ? UNION ALL SELECT ?) AS &quot;literal_table&quot;(&quot;col0&quot;) LIMIT 1001]) has been matched (at /Users/adriley/Code/enso-org/enso/test/Table_Tests/src/Common_Table_Operations/Column_Operations_Spec.enso:508:13-98).

        at &lt;enso&gt; if_then_else.materialized_table(/Users/adriley/Code/enso-org/enso/distribution/lib/Standard/Database/0.0.0-dev/src/Internal/DB_Table_Implementation.enso:714:17-111)
            </failure>
        </testcase>
        <testcase name="should allow to fill_nothing from an empty string" time="1.016">
            <failure message="An unexpected dataflow error (There was an SQL error: ERROR: failed to find conversion function from &quot;unknown&quot; to character varying. [Query was: SELECT COALESCE(&quot;literal_table&quot;.&quot;col0&quot;, ?) AS &quot;col0&quot; FROM (SELECT ? AS &quot;col0&quot;, ? AS &quot;col1&quot; UNION ALL SELECT ?, ? UNION ALL SELECT ?, ? UNION ALL SELECT ?, ? UNION ALL SELECT ?, ? UNION ALL SELECT ?, ?) AS &quot;literal_table&quot;(&quot;col0&quot;, &quot;col1&quot;) LIMIT 1001]) has been matched (at /Users/adriley/Code/enso-org/enso/test/Table_Tests/src/Common_Table_Operations/Column_Operations_Spec.enso:520:13-83).">
An unexpected dataflow error (There was an SQL error: ERROR: failed to find conversion function from &quot;unknown&quot; to character varying. [Query was: SELECT COALESCE(&quot;literal_table&quot;.&quot;col0&quot;, ?) AS &quot;col0&quot; FROM (SELECT ? AS &quot;col0&quot;, ? AS &quot;col1&quot; UNION ALL SELECT ?, ? UNION ALL SELECT ?, ? UNION ALL SELECT ?, ? UNION ALL SELECT ?, ? UNION ALL SELECT ?, ?) AS &quot;literal_table&quot;(&quot;col0&quot;, &quot;col1&quot;) LIMIT 1001]) has been matched (at /Users/adriley/Code/enso-org/enso/test/Table_Tests/src/Common_Table_Operations/Column_Operations_Spec.enso:520:13-83).

        at &lt;enso&gt; if_then_else.materialized_table(/Users/adriley/Code/enso-org/enso/distribution/lib/Standard/Database/0.0.0-dev/src/Internal/DB_Table_Implementation.enso:714:17-111)
            </failure>
        </testcase>
        <testcase name="should allow to fill_nothing a fixed width from an empty string" time="1.068">
            <failure message="An unexpected dataflow error (There was an SQL error: ERROR: failed to find conversion function from &quot;unknown&quot; to character varying. [Query was: SELECT COALESCE(CAST(&quot;literal_table&quot;.&quot;col0&quot; AS char(3)), ?) AS &quot;col0&quot; FROM (SELECT ? AS &quot;col0&quot; UNION ALL SELECT ? UNION ALL SELECT ? UNION ALL SELECT ? UNION ALL SELECT ? UNION ALL SELECT ?) AS &quot;literal_table&quot;(&quot;col0&quot;) LIMIT 1001]) has been matched (at /Users/adriley/Code/enso-org/enso/test/Table_Tests/src/Common_Table_Operations/Column_Operations_Spec.enso:526:13-89).">
An unexpected dataflow error (There was an SQL error: ERROR: failed to find conversion function from &quot;unknown&quot; to character varying. [Query was: SELECT COALESCE(CAST(&quot;literal_table&quot;.&quot;col0&quot; AS char(3)), ?) AS &quot;col0&quot; FROM (SELECT ? AS &quot;col0&quot; UNION ALL SELECT ? UNION ALL SELECT ? UNION ALL SELECT ? UNION ALL SELECT ? UNION ALL SELECT ?) AS &quot;literal_table&quot;(&quot;col0&quot;) LIMIT 1001]) has been matched (at /Users/adriley/Code/enso-org/enso/test/Table_Tests/src/Common_Table_Operations/Column_Operations_Spec.enso:526:13-89).

        at &lt;enso&gt; if_then_else.materialized_table(/Users/adriley/Code/enso-org/enso/distribution/lib/Standard/Database/0.0.0-dev/src/Internal/DB_Table_Implementation.enso:714:17-111)
            </failure>
        </testcase>
        <testcase name="should allow to fill_nothing a fixed width of width 1 correctly expanding output types" time="1.372">
            <failure message="(Value_Type.Char (Positive_Integer.Value 2147483647) False) did not equal (Value_Type.Char (Positive_Integer.Value 1) True) (at /Users/adriley/Code/enso-org/enso/test/Table_Tests/src/Common_Table_Operations/Column_Operations_Spec.enso:538:21-113).">
(Value_Type.Char (Positive_Integer.Value 2147483647) False) did not equal (Value_Type.Char (Positive_Integer.Value 1) True) (at /Users/adriley/Code/enso-org/enso/test/Table_Tests/src/Common_Table_Operations/Column_Operations_Spec.enso:538:21-113).
            </failure>
        </testcase>
        <testcase name="should allow to fill_nothing a fixed width with a string of correct length without changing the type" time="1.018">
            <failure message="An unexpected dataflow error (There was an SQL error: ERROR: failed to find conversion function from &quot;unknown&quot; to character varying. [Query was: SELECT COALESCE(CAST(&quot;literal_table&quot;.&quot;col0&quot; AS char(3)), ?) AS &quot;col0&quot; FROM (SELECT ? AS &quot;col0&quot; UNION ALL SELECT ? UNION ALL SELECT ? UNION ALL SELECT ? UNION ALL SELECT ? UNION ALL SELECT ?) AS &quot;literal_table&quot;(&quot;col0&quot;) LIMIT 1001]) has been matched (at /Users/adriley/Code/enso-org/enso/test/Table_Tests/src/Common_Table_Operations/Column_Operations_Spec.enso:561:13-98).">
An unexpected dataflow error (There was an SQL error: ERROR: failed to find conversion function from &quot;unknown&quot; to character varying. [Query was: SELECT COALESCE(CAST(&quot;literal_table&quot;.&quot;col0&quot; AS char(3)), ?) AS &quot;col0&quot; FROM (SELECT ? AS &quot;col0&quot; UNION ALL SELECT ? UNION ALL SELECT ? UNION ALL SELECT ? UNION ALL SELECT ? UNION ALL SELECT ?) AS &quot;literal_table&quot;(&quot;col0&quot;) LIMIT 1001]) has been matched (at /Users/adriley/Code/enso-org/enso/test/Table_Tests/src/Common_Table_Operations/Column_Operations_Spec.enso:561:13-98).

        at &lt;enso&gt; if_then_else.materialized_table(/Users/adriley/Code/enso-org/enso/distribution/lib/Standard/Database/0.0.0-dev/src/Internal/DB_Table_Implementation.enso:714:17-111)
            </failure>
        </testcase>
        <testcase name="should allow to fill_nothing from other columns" time="1.01">
            <failure message="An unexpected dataflow error (There was an SQL error: ERROR: failed to find conversion function from &quot;unknown&quot; to bigint. [Query was: SELECT COALESCE(&quot;literal_table&quot;.&quot;col0&quot;, &quot;literal_table&quot;.&quot;def&quot;) AS &quot;col0&quot; FROM (SELECT ? AS &quot;col0&quot;, ? AS &quot;col1&quot;, ? AS &quot;def&quot; UNION ALL SELECT ?, ?, ? UNION ALL SELECT ?, ?, ? UNION ALL SELECT ?, ?, ? UNION ALL SELECT ?, ?, ? UNION ALL SELECT ?, ?, ?) AS &quot;literal_table&quot;(&quot;col0&quot;, &quot;col1&quot;, &quot;def&quot;) LIMIT 1001]) has been matched (at /Users/adriley/Code/enso-org/enso/test/Table_Tests/src/Common_Table_Operations/Column_Operations_Spec.enso:573:13-81).">
An unexpected dataflow error (There was an SQL error: ERROR: failed to find conversion function from &quot;unknown&quot; to bigint. [Query was: SELECT COALESCE(&quot;literal_table&quot;.&quot;col0&quot;, &quot;literal_table&quot;.&quot;def&quot;) AS &quot;col0&quot; FROM (SELECT ? AS &quot;col0&quot;, ? AS &quot;col1&quot;, ? AS &quot;def&quot; UNION ALL SELECT ?, ?, ? UNION ALL SELECT ?, ?, ? UNION ALL SELECT ?, ?, ? UNION ALL SELECT ?, ?, ? UNION ALL SELECT ?, ?, ?) AS &quot;literal_table&quot;(&quot;col0&quot;, &quot;col1&quot;, &quot;def&quot;) LIMIT 1001]) has been matched (at /Users/adriley/Code/enso-org/enso/test/Table_Tests/src/Common_Table_Operations/Column_Operations_Spec.enso:573:13-81).

        at &lt;enso&gt; if_then_else.materialized_table(/Users/adriley/Code/enso-org/enso/distribution/lib/Standard/Database/0.0.0-dev/src/Internal/DB_Table_Implementation.enso:714:17-111)
            </failure>
        </testcase>
        <testcase name="should allow to fill_empty from a value" time="1.644">
            <failure message="An unexpected dataflow error (There was an SQL error: ERROR: failed to find conversion function from &quot;unknown&quot; to character varying. [Query was: SELECT (CASE WHEN (((&quot;literal_table&quot;.&quot;col0&quot;)::text IS NULL) OR (&quot;literal_table&quot;.&quot;col0&quot; = &apos;&apos;)) THEN ? WHEN (((&quot;literal_table&quot;.&quot;col0&quot;)::text IS NULL) OR (&quot;literal_table&quot;.&quot;col0&quot; = &apos;&apos;)) IS NULL THEN NULL ELSE &quot;literal_table&quot;.&quot;col0&quot; END) AS &quot;col0&quot; FROM (SELECT ? AS &quot;col0&quot;, ? AS &quot;col1&quot; UNION ALL SELECT ?, ? UNION ALL SELECT ?, ? UNION ALL SELECT ?, ? UNION ALL SELECT ?, ? UNION ALL SELECT ?, ?) AS &quot;literal_table&quot;(&quot;col0&quot;, &quot;col1&quot;) LIMIT 1001]) has been matched (at /Users/adriley/Code/enso-org/enso/test/Table_Tests/src/Common_Table_Operations/Column_Operations_Spec.enso:580:13-95).">
An unexpected dataflow error (There was an SQL error: ERROR: failed to find conversion function from &quot;unknown&quot; to character varying. [Query was: SELECT (CASE WHEN (((&quot;literal_table&quot;.&quot;col0&quot;)::text IS NULL) OR (&quot;literal_table&quot;.&quot;col0&quot; = &apos;&apos;)) THEN ? WHEN (((&quot;literal_table&quot;.&quot;col0&quot;)::text IS NULL) OR (&quot;literal_table&quot;.&quot;col0&quot; = &apos;&apos;)) IS NULL THEN NULL ELSE &quot;literal_table&quot;.&quot;col0&quot; END) AS &quot;col0&quot; FROM (SELECT ? AS &quot;col0&quot;, ? AS &quot;col1&quot; UNION ALL SELECT ?, ? UNION ALL SELECT ?, ? UNION ALL SELECT ?, ? UNION ALL SELECT ?, ? UNION ALL SELECT ?, ?) AS &quot;literal_table&quot;(&quot;col0&quot;, &quot;col1&quot;) LIMIT 1001]) has been matched (at /Users/adriley/Code/enso-org/enso/test/Table_Tests/src/Common_Table_Operations/Column_Operations_Spec.enso:580:13-95).

        at &lt;enso&gt; if_then_else.materialized_table(/Users/adriley/Code/enso-org/enso/distribution/lib/Standard/Database/0.0.0-dev/src/Internal/DB_Table_Implementation.enso:714:17-111)
            </failure>
        </testcase>
        <testcase name="should allow to fill_empty from other columns" time="1.688">
            <failure message="An unexpected dataflow error (There was an SQL error: ERROR: failed to find conversion function from &quot;unknown&quot; to character varying. [Query was: SELECT (CASE WHEN (((&quot;literal_table&quot;.&quot;col0&quot;)::text IS NULL) OR (&quot;literal_table&quot;.&quot;col0&quot; = &apos;&apos;)) THEN &quot;literal_table&quot;.&quot;def&quot; WHEN (((&quot;literal_table&quot;.&quot;col0&quot;)::text IS NULL) OR (&quot;literal_table&quot;.&quot;col0&quot; = &apos;&apos;)) IS NULL THEN NULL ELSE &quot;literal_table&quot;.&quot;col0&quot; END) AS &quot;col0&quot; FROM (SELECT ? AS &quot;col0&quot;, ? AS &quot;col1&quot;, ? AS &quot;def&quot; UNION ALL SELECT ?, ?, ? UNION ALL SELECT ?, ?, ? UNION ALL SELECT ?, ?, ? UNION ALL SELECT ?, ?, ? UNION ALL SELECT ?, ?, ?) AS &quot;literal_table&quot;(&quot;col0&quot;, &quot;col1&quot;, &quot;def&quot;) LIMIT 1001]) has been matched (at /Users/adriley/Code/enso-org/enso/test/Table_Tests/src/Common_Table_Operations/Column_Operations_Spec.enso:586:13-91).">
An unexpected dataflow error (There was an SQL error: ERROR: failed to find conversion function from &quot;unknown&quot; to character varying. [Query was: SELECT (CASE WHEN (((&quot;literal_table&quot;.&quot;col0&quot;)::text IS NULL) OR (&quot;literal_table&quot;.&quot;col0&quot; = &apos;&apos;)) THEN &quot;literal_table&quot;.&quot;def&quot; WHEN (((&quot;literal_table&quot;.&quot;col0&quot;)::text IS NULL) OR (&quot;literal_table&quot;.&quot;col0&quot; = &apos;&apos;)) IS NULL THEN NULL ELSE &quot;literal_table&quot;.&quot;col0&quot; END) AS &quot;col0&quot; FROM (SELECT ? AS &quot;col0&quot;, ? AS &quot;col1&quot;, ? AS &quot;def&quot; UNION ALL SELECT ?, ?, ? UNION ALL SELECT ?, ?, ? UNION ALL SELECT ?, ?, ? UNION ALL SELECT ?, ?, ? UNION ALL SELECT ?, ?, ?) AS &quot;literal_table&quot;(&quot;col0&quot;, &quot;col1&quot;, &quot;def&quot;) LIMIT 1001]) has been matched (at /Users/adriley/Code/enso-org/enso/test/Table_Tests/src/Common_Table_Operations/Column_Operations_Spec.enso:586:13-91).

        at &lt;enso&gt; if_then_else.materialized_table(/Users/adriley/Code/enso-org/enso/distribution/lib/Standard/Database/0.0.0-dev/src/Internal/DB_Table_Implementation.enso:714:17-111)
            </failure>
        </testcase>
        <testcase name="fill_nothing should leave other columns alone" time="1.019">
            <failure message="An unexpected dataflow error (There was an SQL error: ERROR: failed to find conversion function from &quot;unknown&quot; to bigint. [Query was: SELECT COALESCE(&quot;literal_table&quot;.&quot;col0&quot;, ?) AS &quot;col0&quot; FROM (SELECT ? AS &quot;col0&quot;, ? AS &quot;col_between&quot;, ? AS &quot;col1&quot;, ? AS &quot;def&quot; UNION ALL SELECT ?, ?, ?, ? UNION ALL SELECT ?, ?, ?, ? UNION ALL SELECT ?, ?, ?, ? UNION ALL SELECT ?, ?, ?, ? UNION ALL SELECT ?, ?, ?, ?) AS &quot;literal_table&quot;(&quot;col0&quot;, &quot;col_between&quot;, &quot;col1&quot;, &quot;def&quot;) LIMIT 1001]) has been matched (at /Users/adriley/Code/enso-org/enso/test/Table_Tests/src/Common_Table_Operations/Column_Operations_Spec.enso:593:13-83).">
An unexpected dataflow error (There was an SQL error: ERROR: failed to find conversion function from &quot;unknown&quot; to bigint. [Query was: SELECT COALESCE(&quot;literal_table&quot;.&quot;col0&quot;, ?) AS &quot;col0&quot; FROM (SELECT ? AS &quot;col0&quot;, ? AS &quot;col_between&quot;, ? AS &quot;col1&quot;, ? AS &quot;def&quot; UNION ALL SELECT ?, ?, ?, ? UNION ALL SELECT ?, ?, ?, ? UNION ALL SELECT ?, ?, ?, ? UNION ALL SELECT ?, ?, ?, ? UNION ALL SELECT ?, ?, ?, ?) AS &quot;literal_table&quot;(&quot;col0&quot;, &quot;col_between&quot;, &quot;col1&quot;, &quot;def&quot;) LIMIT 1001]) has been matched (at /Users/adriley/Code/enso-org/enso/test/Table_Tests/src/Common_Table_Operations/Column_Operations_Spec.enso:593:13-83).

        at &lt;enso&gt; if_then_else.materialized_table(/Users/adriley/Code/enso-org/enso/distribution/lib/Standard/Database/0.0.0-dev/src/Internal/DB_Table_Implementation.enso:714:17-111)
            </failure>
        </testcase>
        <testcase name="fill_nothing should allow selection by regex" time="1.362">
            <failure message="An unexpected dataflow error (There was an SQL error: ERROR: failed to find conversion function from &quot;unknown&quot; to bigint. [Query was: SELECT COALESCE(&quot;literal_table&quot;.&quot;col0&quot;, ?) AS &quot;col0&quot; FROM (SELECT ? AS &quot;col0&quot;, ? AS &quot;col_between&quot;, ? AS &quot;col1&quot;, ? AS &quot;def&quot; UNION ALL SELECT ?, ?, ?, ? UNION ALL SELECT ?, ?, ?, ? UNION ALL SELECT ?, ?, ?, ? UNION ALL SELECT ?, ?, ?, ? UNION ALL SELECT ?, ?, ?, ?) AS &quot;literal_table&quot;(&quot;col0&quot;, &quot;col_between&quot;, &quot;col1&quot;, &quot;def&quot;) LIMIT 1001]) has been matched (at /Users/adriley/Code/enso-org/enso/test/Table_Tests/src/Common_Table_Operations/Column_Operations_Spec.enso:602:13-83).">
An unexpected dataflow error (There was an SQL error: ERROR: failed to find conversion function from &quot;unknown&quot; to bigint. [Query was: SELECT COALESCE(&quot;literal_table&quot;.&quot;col0&quot;, ?) AS &quot;col0&quot; FROM (SELECT ? AS &quot;col0&quot;, ? AS &quot;col_between&quot;, ? AS &quot;col1&quot;, ? AS &quot;def&quot; UNION ALL SELECT ?, ?, ?, ? UNION ALL SELECT ?, ?, ?, ? UNION ALL SELECT ?, ?, ?, ? UNION ALL SELECT ?, ?, ?, ? UNION ALL SELECT ?, ?, ?, ?) AS &quot;literal_table&quot;(&quot;col0&quot;, &quot;col_between&quot;, &quot;col1&quot;, &quot;def&quot;) LIMIT 1001]) has been matched (at /Users/adriley/Code/enso-org/enso/test/Table_Tests/src/Common_Table_Operations/Column_Operations_Spec.enso:602:13-83).

        at &lt;enso&gt; if_then_else.materialized_table(/Users/adriley/Code/enso-org/enso/distribution/lib/Standard/Database/0.0.0-dev/src/Internal/DB_Table_Implementation.enso:714:17-111)
            </failure>
        </testcase>
        <testcase name="fill_nothing should allow selection by type" time="1.358">
            <failure message="An unexpected dataflow error (There was an SQL error: ERROR: failed to find conversion function from &quot;unknown&quot; to bigint. [Query was: SELECT COALESCE(&quot;literal_table&quot;.&quot;col0&quot;, ?) AS &quot;col0&quot; FROM (SELECT ? AS &quot;col0&quot;, ? AS &quot;col_between&quot;, ? AS &quot;col1&quot;, ? AS &quot;def&quot; UNION ALL SELECT ?, ?, ?, ? UNION ALL SELECT ?, ?, ?, ? UNION ALL SELECT ?, ?, ?, ? UNION ALL SELECT ?, ?, ?, ? UNION ALL SELECT ?, ?, ?, ?) AS &quot;literal_table&quot;(&quot;col0&quot;, &quot;col_between&quot;, &quot;col1&quot;, &quot;def&quot;) LIMIT 1001]) has been matched (at /Users/adriley/Code/enso-org/enso/test/Table_Tests/src/Common_Table_Operations/Column_Operations_Spec.enso:611:13-83).">
An unexpected dataflow error (There was an SQL error: ERROR: failed to find conversion function from &quot;unknown&quot; to bigint. [Query was: SELECT COALESCE(&quot;literal_table&quot;.&quot;col0&quot;, ?) AS &quot;col0&quot; FROM (SELECT ? AS &quot;col0&quot;, ? AS &quot;col_between&quot;, ? AS &quot;col1&quot;, ? AS &quot;def&quot; UNION ALL SELECT ?, ?, ?, ? UNION ALL SELECT ?, ?, ?, ? UNION ALL SELECT ?, ?, ?, ? UNION ALL SELECT ?, ?, ?, ? UNION ALL SELECT ?, ?, ?, ?) AS &quot;literal_table&quot;(&quot;col0&quot;, &quot;col_between&quot;, &quot;col1&quot;, &quot;def&quot;) LIMIT 1001]) has been matched (at /Users/adriley/Code/enso-org/enso/test/Table_Tests/src/Common_Table_Operations/Column_Operations_Spec.enso:611:13-83).

        at &lt;enso&gt; if_then_else.materialized_table(/Users/adriley/Code/enso-org/enso/distribution/lib/Standard/Database/0.0.0-dev/src/Internal/DB_Table_Implementation.enso:714:17-111)
            </failure>
        </testcase>
        <testcase name="fill_nothing should work with integer column selectors" time="1.038">
            <failure message="An unexpected dataflow error (There was an SQL error: ERROR: failed to find conversion function from &quot;unknown&quot; to bigint. [Query was: SELECT COALESCE(&quot;literal_table&quot;.&quot;col0&quot;, ?) AS &quot;col0&quot; FROM (SELECT ? AS &quot;col0&quot;, ? AS &quot;col_between&quot;, ? AS &quot;col1&quot;, ? AS &quot;def&quot; UNION ALL SELECT ?, ?, ?, ? UNION ALL SELECT ?, ?, ?, ? UNION ALL SELECT ?, ?, ?, ? UNION ALL SELECT ?, ?, ?, ? UNION ALL SELECT ?, ?, ?, ?) AS &quot;literal_table&quot;(&quot;col0&quot;, &quot;col_between&quot;, &quot;col1&quot;, &quot;def&quot;) LIMIT 1001]) has been matched (at /Users/adriley/Code/enso-org/enso/test/Table_Tests/src/Common_Table_Operations/Column_Operations_Spec.enso:620:13-83).">
An unexpected dataflow error (There was an SQL error: ERROR: failed to find conversion function from &quot;unknown&quot; to bigint. [Query was: SELECT COALESCE(&quot;literal_table&quot;.&quot;col0&quot;, ?) AS &quot;col0&quot; FROM (SELECT ? AS &quot;col0&quot;, ? AS &quot;col_between&quot;, ? AS &quot;col1&quot;, ? AS &quot;def&quot; UNION ALL SELECT ?, ?, ?, ? UNION ALL SELECT ?, ?, ?, ? UNION ALL SELECT ?, ?, ?, ? UNION ALL SELECT ?, ?, ?, ? UNION ALL SELECT ?, ?, ?, ?) AS &quot;literal_table&quot;(&quot;col0&quot;, &quot;col_between&quot;, &quot;col1&quot;, &quot;def&quot;) LIMIT 1001]) has been matched (at /Users/adriley/Code/enso-org/enso/test/Table_Tests/src/Common_Table_Operations/Column_Operations_Spec.enso:620:13-83).

        at &lt;enso&gt; if_then_else.materialized_table(/Users/adriley/Code/enso-org/enso/distribution/lib/Standard/Database/0.0.0-dev/src/Internal/DB_Table_Implementation.enso:714:17-111)
            </failure>
        </testcase>
        <testcase name="fill_nothing should cope with notted boolean columns" time="4.106">        </testcase>
    </testsuite>
    <testsuite name="[Redshift] (Column_Operations_Spec) Table.text_replace" timestamp="2026-02-17T23:16:28" tests="8" disabled="0" errors="3" time="6.623">
        <testcase name="should allow to replace values in a table" time="2.736">
            <failure message="{Table: col0-&gt;Char (variable length, max_size=unlimited), col1-&gt;Char (variable length, max_size=unlimited)} [&apos;def&apos;, &apos;ghi&apos;, &apos;xyc&apos;] did not equal [&apos;xyc&apos;, &apos;def&apos;, &apos;ghi&apos;]; first difference at index 0  (at /Users/adriley/Code/enso-org/enso/test/Table_Tests/src/Common_Table_Operations/Column_Operations_Spec.enso:642:17-81).">
{Table: col0-&gt;Char (variable length, max_size=unlimited), col1-&gt;Char (variable length, max_size=unlimited)} [&apos;def&apos;, &apos;ghi&apos;, &apos;xyc&apos;] did not equal [&apos;xyc&apos;, &apos;def&apos;, &apos;ghi&apos;]; first difference at index 0  (at /Users/adriley/Code/enso-org/enso/test/Table_Tests/src/Common_Table_Operations/Column_Operations_Spec.enso:642:17-81).
            </failure>
        </testcase>
        <testcase name="should allow to replace values in a table selecting columns with regex" time="2.763">
            <failure message="{Table: col0-&gt;Char (variable length, max_size=unlimited), col1-&gt;Char (variable length, max_size=unlimited), zzz-&gt;Char (variable length, max_size=unlimited)} [&apos;def&apos;, &apos;ghi&apos;, &apos;xyc&apos;] did not equal [&apos;xyc&apos;, &apos;def&apos;, &apos;ghi&apos;]; first difference at index 0  (at /Users/adriley/Code/enso-org/enso/test/Table_Tests/src/Common_Table_Operations/Column_Operations_Spec.enso:648:17-81).">
{Table: col0-&gt;Char (variable length, max_size=unlimited), col1-&gt;Char (variable length, max_size=unlimited), zzz-&gt;Char (variable length, max_size=unlimited)} [&apos;def&apos;, &apos;ghi&apos;, &apos;xyc&apos;] did not equal [&apos;xyc&apos;, &apos;def&apos;, &apos;ghi&apos;]; first difference at index 0  (at /Users/adriley/Code/enso-org/enso/test/Table_Tests/src/Common_Table_Operations/Column_Operations_Spec.enso:648:17-81).
            </failure>
        </testcase>
        <testcase name="should allow to replace values in a table selecting columns by type" time="1.011">
            <failure message="An unexpected dataflow error (There was an SQL error: ERROR: failed to find conversion function from &quot;unknown&quot; to character varying. [Query was: SELECT REPLACE(&quot;literal_table&quot;.&quot;col0&quot;, ?, ?) AS &quot;col0&quot; FROM (SELECT ? AS &quot;col0&quot;, ? AS &quot;col1&quot;, ? AS &quot;zzz&quot; UNION ALL SELECT ?, ?, ? UNION ALL SELECT ?, ?, ?) AS &quot;literal_table&quot;(&quot;col0&quot;, &quot;col1&quot;, &quot;zzz&quot;) LIMIT 1001]) has been matched (at /Users/adriley/Code/enso-org/enso/test/Table_Tests/src/Common_Table_Operations/Column_Operations_Spec.enso:655:13-77).">
[...]
An unexpected dataflow error (There was an SQL error: ERROR: SUBSTR() function is not supported (Hint: use SUBSTRING instead)
  Detail: 
  -----------------------------------------------
  error:  SUBSTR( (...) uery:     1871242
  location:  cg_expr_fn_builder.cpp:9174
  process:   padbmaster [pid=1073823924]
  -----------------------------------------------
. [Query was: SELECT substr(&quot;table_509-acc0aab9-1d41-4870-84ea-4299d3e65e16&quot;.&quot;X&quot;, (?)::integer, (?)::integer) AS &quot;mid([X], 2, 2)&quot; FROM &quot;table_509-acc0aab9-1d41-4870-84ea-4299d3e65e16&quot; AS &quot;table_509-acc0aab9-1d41-4870-84ea-4299d3e65e16&quot; ORDER BY &quot;table_509-acc0aab9-1d41-4870-84ea-4299d3e65e16&quot;.&quot;row_id&quot; ASC NULLS FIRST LIMIT 1001]) has been matched (at /Users/adriley/Code/enso-org/enso/test/Table_Tests/src/Common_Table_Operations/Text_Column_Spec.enso:158:13-78).

        at &lt;enso&gt; if_then_else.materialized_table(/Users/adriley/Code/enso-org/enso/distribution/lib/Standard/Database/0.0.0-dev/src/Internal/DB_Table_Implementation.enso:714:17-111)
            </failure>
        </testcase>
        <testcase name="work with column arguments" time="5.361">
            <failure message="An unexpected dataflow error (There was an SQL error: ERROR: SUBSTR() function is not supported (Hint: use SUBSTRING instead)&#10;  Detail: &#10;  -----------------------------------------------&#10;  error:  SUBSTR( (...) uery:     1871276&#10;  location:  cg_expr_fn_builder.cpp:9174&#10;  process:   padbmaster [pid=1073823924]&#10;  -----------------------------------------------&#10;. [Query was: SELECT substr(&quot;table_510-59ff053b-9a35-437c-8a70-4cb55085d1e8&quot;.&quot;strings&quot;, (?)::integer, (&quot;table_510-59ff053b-9a35-437c-8a70-4cb55085d1e8&quot;.&quot;lengths&quot;)::integer) AS &quot;mid([strings], 0, [lengths])&quot; FROM &quot;table_510-59ff053b-9a35-437c-8a70-4cb55085d1e8&quot; AS &quot;table_510-59ff053b-9a35-437c-8a70-4cb55085d1e8&quot; ORDER BY &quot;table_510-59ff053b-9a35-437c-8a70-4cb55085d1e8&quot;.&quot;row_id&quot; ASC NULLS FIRST LIMIT 1001]) has been matched (at /Users/adriley/Code/enso-org/enso/test/Table_Tests/src/Common_Table_Operations/Text_Column_Spec.enso:167:13-102).">
An unexpected dataflow error (There was an SQL error: ERROR: SUBSTR() function is not supported (Hint: use SUBSTRING instead)
  Detail: 
  -----------------------------------------------
  error:  SUBSTR( (...) uery:     1871276
  location:  cg_expr_fn_builder.cpp:9174
  process:   padbmaster [pid=1073823924]
  -----------------------------------------------
. [Query was: SELECT substr(&quot;table_510-59ff053b-9a35-437c-8a70-4cb55085d1e8&quot;.&quot;strings&quot;, (?)::integer, (&quot;table_510-59ff053b-9a35-437c-8a70-4cb55085d1e8&quot;.&quot;lengths&quot;)::integer) AS &quot;mid([strings], 0, [lengths])&quot; FROM &quot;table_510-59ff053b-9a35-437c-8a70-4cb55085d1e8&quot; AS &quot;table_510-59ff053b-9a35-437c-8a70-4cb55085d1e8&quot; ORDER BY &quot;table_510-59ff053b-9a35-437c-8a70-4cb55085d1e8&quot;.&quot;row_id&quot; ASC NULLS FIRST LIMIT 1001]) has been matched (at /Users/adriley/Code/enso-org/enso/test/Table_Tests/src/Common_Table_Operations/Text_Column_Spec.enso:167:13-102).

        at &lt;enso&gt; if_then_else.materialized_table(/Users/adriley/Code/enso-org/enso/distribution/lib/Standard/Database/0.0.0-dev/src/Internal/DB_Table_Implementation.enso:714:17-111)
            </failure>
        </testcase>
        <testcase name="work with default arguments" time="3.748">
            <failure message="An unexpected dataflow error (There was an SQL error: ERROR: SUBSTR() function is not supported (Hint: use SUBSTRING instead)&#10;  Detail: &#10;  -----------------------------------------------&#10;  error:  SUBSTR( (...) uery:     1871300&#10;  location:  cg_expr_fn_builder.cpp:9174&#10;  process:   padbmaster [pid=1073823924]&#10;  -----------------------------------------------&#10;. [Query was: SELECT substr(&quot;table_511-aa5ab0ac-27bf-45ac-aa36-ce0375851a07&quot;.&quot;X&quot;, (?)::integer) AS &quot;mid([X], 2)&quot; FROM &quot;table_511-aa5ab0ac-27bf-45ac-aa36-ce0375851a07&quot; AS &quot;table_511-aa5ab0ac-27bf-45ac-aa36-ce0375851a07&quot; ORDER BY &quot;table_511-aa5ab0ac-27bf-45ac-aa36-ce0375851a07&quot;.&quot;row_id&quot; ASC NULLS FIRST LIMIT 1001]) has been matched (at /Users/adriley/Code/enso-org/enso/test/Table_Tests/src/Common_Table_Operations/Text_Column_Spec.enso:175:13-88).">
An unexpected dataflow error (There was an SQL error: ERROR: SUBSTR() function is not supported (Hint: use SUBSTRING instead)
  Detail: 
  -----------------------------------------------
  error:  SUBSTR( (...) uery:     1871300
  location:  cg_expr_fn_builder.cpp:9174
  process:   padbmaster [pid=1073823924]
  -----------------------------------------------
. [Query was: SELECT substr(&quot;table_511-aa5ab0ac-27bf-45ac-aa36-ce0375851a07&quot;.&quot;X&quot;, (?)::integer) AS &quot;mid([X], 2)&quot; FROM &quot;table_511-aa5ab0ac-27bf-45ac-aa36-ce0375851a07&quot; AS &quot;table_511-aa5ab0ac-27bf-45ac-aa36-ce0375851a07&quot; ORDER BY &quot;table_511-aa5ab0ac-27bf-45ac-aa36-ce0375851a07&quot;.&quot;row_id&quot; ASC NULLS FIRST LIMIT 1001]) has been matched (at /Users/adriley/Code/enso-org/enso/test/Table_Tests/src/Common_Table_Operations/Text_Column_Spec.enso:175:13-88).

        at &lt;enso&gt; if_then_else.materialized_table(/Users/adriley/Code/enso-org/enso/distribution/lib/Standard/Database/0.0.0-dev/src/Internal/DB_Table_Implementation.enso:714:17-111)
            </failure>
        </testcase>
    </testsuite>
    <testsuite name="[Redshift] Text_Column index_of" timestamp="2026-02-17T23:50:25" tests="3" disabled="0" errors="1" time="12.86">
        <testcase name="index_of should return index of first match" time="3.856">        </testcase>
        <testcase name="index_of should handle grapheme and non-grapheme strings and propagate Nothing" time="3.186">        </testcase>
        <testcase name="index_of should handle case sensitivity for In-Memory only" time="5.817">
            <failure message="An unexpected dataflow error (There was an SQL error: ERROR: syntax error at or near &quot;COLLATE&quot; in context &quot;(&quot;table_514-565b106e-fbd0-4034-a3cb-3443f49bc584&quot;.&quot;strings&quot;) COLLATE&quot;, at line 1&#10;  Position: 70. [Query was: SELECT ((&quot;table_514-565b106e-fbd0-4034-a3cb-3443f49bc584&quot;.&quot;strings&quot;) COLLATE &quot;ucs_basic&quot;) AS &quot;typed_column&quot; FROM &quot;table_514-565b106e-fbd0-4034-a3cb-3443f49bc584&quot; AS &quot;table_514-565b106e-fbd0-4034-a3cb-3443f49bc584&quot; WHERE FALSE ORDER BY &quot;table_514-565b106e-fbd0-4034-a3cb-3443f49bc584&quot;.&quot;row_id&quot; ASC NULLS FIRST]) has been matched (at /Users/adriley/Code/enso-org/enso/test/Table_Tests/src/Common_Table_Operations/Text_Column_Spec.enso:232:17-75).">
An unexpected dataflow error (There was an SQL error: ERROR: syntax error at or near &quot;COLLATE&quot; in context &quot;(&quot;table_514-565b106e-fbd0-4034-a3cb-3443f49bc584&quot;.&quot;strings&quot;) COLLATE&quot;, at line 1
  Position: 70. [Query was: SELECT ((&quot;table_514-565b106e-fbd0-4034-a3cb-3443f49bc584&quot;.&quot;strings&quot;) COLLATE &quot;ucs_basic&quot;) AS &quot;typed_column&quot; FROM &quot;table_514-565b106e-fbd0-4034-a3cb-3443f49bc584&quot; AS &quot;table_514-565b106e-fbd0-4034-a3cb-3443f49bc584&quot; WHERE FALSE ORDER BY &quot;table_514-565b106e-fbd0-4034-a3cb-3443f49bc584&quot;.&quot;row_id&quot; ASC NULLS FIRST]) has been matched (at /Users/adriley/Code/enso-org/enso/test/Table_Tests/src/Common_Table_Operations/Text_Column_Spec.enso:232:17-75).

        at &lt;enso&gt; if_then_else(/Users/adriley/Code/enso-org/enso/distribution/lib/Standard/Database/0.0.0-dev/src/Internal/JDBC_Connection.enso:320:21-84)
            </failure>
        </testcase>
    </testsuite>
    <testsuite name="[Redshift] Table.transpose" timestamp="2026-02-17T23:50:25" tests="0" disabled="1" errors="0" time="0.0">
        <testcase name="PENDING" time="0.0">
            <skipped message="Reason: Table.transpose is not implemented yet in Database."/>
        </testcase>
    </testsuite>
    <testsuite name="[Redshift] Table.union" timestamp="2026-02-17T23:52:07" tests="29" disabled="2" errors="2" time="101.766">
        <testcase name="should merge columns from multiple tables" time="4.879">        </testcase>
        <testcase name="should fill unmatched columns (by name matching) with nulls and report a warning by default" time="7.407">        </testcase>
        <testcase name="should fill unmatched columns with nulls with no warning, if In_Any is explicitly chosen" time="0.344">        </testcase>
        <testcase name="table with 0 rows will still influence the output structure with its columns" time="0.705">        </testcase>
        <testcase name="should drop unmatched columns and warn, if In_All is selected" time="0.742">        </testcase>
        <testcase name="should fail if asked to drop unmatched columns but the set of common columns is empty" time="0.003">        </testcase>
        <testcase name="should allow to select specified columns for union by In_List, using the ordering from the list" time="4.329">        </testcase>
        <testcase name="should add a Null column for unmatched columns from In_List" time="3.988">        </testcase>
        <testcase name="does not allow an empty list in In_List" time="0.002">        </testcase>
        <testcase name="does not error if duplicate entries appear in the In_List" time="0.657">        </testcase>
        <testcase name="should ignore column names when matching by position" time="4.539">        </testcase>
        <testcase name="should fill extra columns (positional matching) with nulls and report a warning by default" time="8.391">        </testcase>
        <testcase name="should keep the least number of columns with positional matching if In_All" time="6.197">        </testcase>
        <testcase name="should keep the greatest number of columns with positional matching if In_Any, reporting no problems" time="6.757">        </testcase>
        <testcase name="does not allow In_List with positional matching" time="0.002">        </testcase>
        <testcase name="should use column names from the first table that has enough columns in positional matching mode" time="5.643">        </testcase>
        <testcase name="should allow to merge a table with itself" time="1.408">        </testcase>
        <testcase name="should not de-duplicate rows" time="4.617">        </testcase>
        <testcase name="should gracefully handle the case where no tables to union were provided" time="7.046">        </testcase>
        <testcase name="should correctly unify text columns of various lengths" time="0.0">
            <skipped message="Fixed-length Char columns are not supported by this backend."/>
                </testcase>
        <testcase name="should find a common type that will fit the merged columns (Integer + Float)" time="4.442">        </testcase>
        <testcase name="should find a common type that will fit the merged columns (numeric + Boolean)" time="6.604">
            <failure message="An unexpected dataflow error (There was an SQL error: ERROR: cannot cast type boolean to double precision. [Query was: SELECT &quot;table_542-2d754e38-99c9-488e-a76a-c9e7a46b1dce_table_543-dde40164-32ad-4d57-b846-03d6a78a5527&quot;.&quot;A&quot; AS &quot;typed_column&quot; FROM (SELECT &quot;table_542-2d754e38-99c9-488e-a76a-c9e7a46b1dce&quot;.&quot;rowid&quot; AS &quot;rowid&quot;, CAST(&quot;table_542-2d754e38-99c9-488e-a76a-c9e7a46b1dce&quot;.&quot;A&quot; AS float8) AS &quot;A&quot; FROM &quot;table_542-2d754e38-99c9-488e-a76a-c9e7a46b1dce&quot; AS &quot;table_542-2d754e38-99c9-488e-a76a-c9e7a46b1dce&quot; UNION ALL SELECT &quot;table_543-dde40164-32ad-4d57-b846-03d6a78a5527&quot;.&quot;rowid&quot; AS &quot;rowid&quot;, &quot;table_543-dde40164-32ad-4d57-b846-03d6a78a5527&quot;.&quot;A&quot; AS &quot;A&quot; FROM &quot;table_543-dde40164-32ad-4d57-b846-03d6a78a5527&quot; AS &quot;table_543-dde40164-32ad-4d57-b846-03d6a78a5527&quot;) AS &quot;table_542-2d754e38-99c9-488e-a76a-c9e7a46b1dce_table_543-dde40164-32ad-4d57-b846-03d6a78a5527&quot; WHERE FALSE]) has been matched (at /Users/adriley/Code/enso-org/enso/test/Table_Tests/src/Common_Table_Operations/Join/Union_Spec.enso:388:9-67).">
An unexpected dataflow error (There was an SQL error: ERROR: cannot cast type boolean to double precision. [Query was: SELECT &quot;table_542-2d754e38-99c9-488e-a76a-c9e7a46b1dce_table_543-dde40164-32ad-4d57-b846-03d6a78a5527&quot;.&quot;A&quot; AS &quot;typed_column&quot; FROM (SELECT &quot;table_542-2d754e38-99c9-488e-a76a-c9e7a46b1dce&quot;.&quot;rowid&quot; AS &quot;rowid&quot;, CAST(&quot;table_542-2d754e38-99c9-488e-a76a-c9e7a46b1dce&quot;.&quot;A&quot; AS float8) AS &quot;A&quot; FROM &quot;table_542-2d754e38-99c9-488e-a76a-c9e7a46b1dce&quot; AS &quot;table_542-2d754e38-99c9-488e-a76a-c9e7a46b1dce&quot; UNION ALL SELECT &quot;table_543-dde40164-32ad-4d57-b846-03d6a78a5527&quot;.&quot;rowid&quot; AS &quot;rowid&quot;, &quot;table_543-dde40164-32ad-4d57-b846-03d6a78a5527&quot;.&quot;A&quot; AS &quot;A&quot; FROM &quot;table_543-dde40164-32ad-4d57-b846-03d6a78a5527&quot; AS &quot;table_543-dde40164-32ad-4d57-b846-03d6a78a5527&quot;) AS &quot;table_542-2d754e38-99c9-488e-a76a-c9e7a46b1dce_table_543-dde40164-32ad-4d57-b846-03d6a78a5527&quot; WHERE FALSE]) has been matched (at /Users/adriley/Code/enso-org/enso/test/Table_Tests/src/Common_Table_Operations/Join/Union_Spec.enso:388:9-67).

        at &lt;enso&gt; if_then_else(/Users/adriley/Code/enso-org/enso/distribution/lib/Standard/Database/0.0.0-dev/src/Internal/JDBC_Connection.enso:320:21-84)
            </failure>
        </testcase>
        <testcase name="should warn about loss of precision when converting large Integer to Float" time="0.0">
            <skipped message="Loss_Of_Integer_Precision not yet supported in DB."/>
                </testcase>
        <testcase name="should find a common type (Integer and Char of different sizes)" time="6.17">        </testcase>
        <testcase name="should warn when converting a Date to Date_Time" time="3.933">        </testcase>
        <testcase name="if no common type can be found, will fall back to converting all types to text and warn" time="4.193">
            <failure message="An unexpected dataflow error ((Map_Error.Error 0 There was an SQL error: ERROR: cannot cast type boolean to character varying. [Query was: SELECT &quot;table_548-86a2b5d4-c873-4a59-bc45-e614a297fd3f_table_549-3d66d196-32a7-464a-ac11-2ec6f5fdb364&quot;.&quot;A&quot; AS &quot;typed_column&quot; FROM (SELECT &quot;table_548-86a2b5d4-c873-4a59-bc45-e614a297fd3f&quot;.&quot;A&quot; AS &quot;A&quot;, &quot;table_548-86a2b5d4-c873-4a59-bc45-e614a297fd3f&quot;.&quot;B&quot; AS &quot;B&quot;, CAST(&quot;table_548-86a2b5d4-c873-4a59-bc45-e614a297fd3f&quot;.&quot;C&quot; AS varchar(65535)) AS &quot;C&quot; FROM &quot;table_548-86a2b5d4-c873-4a59-bc45-e614a297fd3f&quot; AS &quot;table_548-86a2b5d4-c873-4a59-bc45-e614a297fd3f&quot; UNION ALL SELECT &quot;table_549-3d66d196-32a7-464a-ac11-2ec6f5fdb364&quot;.&quot;A&quot; AS &quot;A&quot;, CAST(&quot;table_549-3d66d196-32a7-464a-ac11-2ec6f5fdb364&quot;.&quot;B&quot; AS varchar(65535)) AS &quot;B&quot;, &quot;table_549-3d66d196-32a7-464a-ac11-2ec6f5fdb364&quot;.&quot;C&quot; AS &quot;C&quot; FROM &quot;table_549-3d66d196-32a7-464a-ac11-2ec6f5fdb364&quot; AS &quot;table_549-3d66d196-32a7-464a-ac11-2ec6f5fdb364&quot;) AS &quot;table_548-86a2b5d4-c873-4a59-bc45-e614a297fd3f_table_549-3d66d196-32a7-464a-ac11-2ec6f5fdb364&quot; WHERE FALSE])) has been matched (at /Users/adriley/Code/enso-org/enso/test/Table_Tests/src/Common_Table_Operations/Join/Union_Spec.enso:486:13-53).">
An unexpected dataflow error ((Map_Error.Error 0 There was an SQL error: ERROR: cannot cast type boolean to character varying. [Query was: SELECT &quot;table_548-86a2b5d4-c873-4a59-bc45-e614a297fd3f_table_549-3d66d196-32a7-464a-ac11-2ec6f5fdb364&quot;.&quot;A&quot; AS &quot;typed_column&quot; FROM (SELECT &quot;table_548-86a2b5d4-c873-4a59-bc45-e614a297fd3f&quot;.&quot;A&quot; AS &quot;A&quot;, &quot;table_548-86a2b5d4-c873-4a59-bc45-e614a297fd3f&quot;.&quot;B&quot; AS &quot;B&quot;, CAST(&quot;table_548-86a2b5d4-c873-4a59-bc45-e614a297fd3f&quot;.&quot;C&quot; AS varchar(65535)) AS &quot;C&quot; FROM &quot;table_548-86a2b5d4-c873-4a59-bc45-e614a297fd3f&quot; AS &quot;table_548-86a2b5d4-c873-4a59-bc45-e614a297fd3f&quot; UNION ALL SELECT &quot;table_549-3d66d196-32a7-464a-ac11-2ec6f5fdb364&quot;.&quot;A&quot; AS &quot;A&quot;, CAST(&quot;table_549-3d66d196-32a7-464a-ac11-2ec6f5fdb364&quot;.&quot;B&quot; AS varchar(65535)) AS &quot;B&quot;, &quot;table_549-3d66d196-32a7-464a-ac11-2ec6f5fdb364&quot;.&quot;C&quot; AS &quot;C&quot; FROM &quot;table_549-3d66d196-32a7-464a-ac11-2ec6f5fdb364&quot; AS &quot;table_549-3d66d196-32a7-464a-ac11-2ec6f5fdb364&quot;) AS &quot;table_548-86a2b5d4-c873-4a59-bc45-e614a297fd3f_table_549-3d66d196-32a7-464a-ac11-2ec6f5fdb364&quot; WHERE FALSE])) has been matched (at /Users/adriley/Code/enso-org/enso/test/Table_Tests/src/Common_Table_Operations/Join/Union_Spec.enso:486:13-53).

        at &lt;enso&gt; Array_Like_Helpers.vector_from_function(Internal)
            </failure>
        </testcase>
        <testcase name="if no common type can be found, will fall back to converting all types to text and warn (Date+Time)" time="4.598">        </testcase>
        <testcase name="will use the _output_ column name in the warnings when matching by position (so input names may differ)" time="4.114">        </testcase>
        <testcase name="should gracefully handle tables from different backends" time="0.042">        </testcase>
    </testsuite>
    <testsuite name="[Redshift] Table.from_union" timestamp="2026-02-17T23:52:07" tests="0" disabled="1" errors="0" time="0.0">
        <testcase name="PENDING" time="0.0">
            <skipped message="Reason: Table.from_union is currently not implemented for the Database backend."/>
        </testcase>
    </testsuite>
    <testsuite name="[Redshift] Table.zip" timestamp="2026-02-17T23:52:07" tests="0" disabled="1" errors="0" time="0.0">
        <testcase name="PENDING" time="0.0">
            <skipped message="Reason: Table.zip is still WIP for the DB backend."/>
        </testcase>
    </testsuite>
    <testsuite name="[Redshift] IR Traversal" timestamp="2026-02-17T23:52:25" tests="4" disabled="2" errors="0" time="17.66">
        <testcase name="should be able to traverse a SQL_IR_Statement to reconstruct it" time="9.438">        </testcase>
        <testcase name="should be able to traverse a SQL_IR_Statement to count nodes" time="8.221">        </testcase>
        <testcase name="let bindings should not affect the end result" time="0.0">
            <skipped message="Does not suport nested with clause"/>
                </testcase>
        <testcase name="should convert WITH binders to short names that do not conflict with existing table names" time="0.0">
            <skipped message="Does not suport nested with clause"/>
                </testcase>
    </testsuite>
</testsuites>
